Success (4):
content 5617 _a-0000e338-43eb-8000-3f19-bbef90bbef90_34300 "KC"
content 5618 _a-0000e338-43eb-8000-3f19-bbef90bbef90_34307 "DF"
content 5619 _a-0000e338-43eb-8000-3f19-bbef90bbef90_34319 "Ender Troubleshooting"
application 5616 _a-0000e338-43eb-8000-3f19-bbef90bbef90_34295 "bTest"

Trace:
2019-09-13 19:31:14.382 DEBUG application 5616 _a-0000e338-43eb-8000-3f19-bbef90bbef90_34295 Begin transport.
2019-09-13 19:31:14.382 DEBUG application 5616 _a-0000e338-43eb-8000-3f19-bbef90bbef90_34295 Retrieving object data.
2019-09-13 19:31:14.4 DEBUG application 5616 _a-0000e338-43eb-8000-3f19-bbef90bbef90_34295 App associated objects: [content=[_a-0000e338-43eb-8000-3f19-bbef90bbef90_34300, _a-0000e338-43eb-8000-3f19-bbef90bbef90_34307, _a-0000e338-43eb-8000-3f19-bbef90bbef90_34319]]
2019-09-13 19:31:14.403 DEBUG application 5616 _a-0000e338-43eb-8000-3f19-bbef90bbef90_34295 Invalid associated objects: []
2019-09-13 19:31:14.403 DEBUG application 5616 _a-0000e338-43eb-8000-3f19-bbef90bbef90_34295 Adding valid associated objects to be exported: GlobalBindingMap[content={_a-0000e338-43eb-8000-3f19-bbef90bbef90_34300=5617, _a-0000e338-43eb-8000-3f19-bbef90bbef90_34307=5618, _a-0000e338-43eb-8000-3f19-bbef90bbef90_34319=5619}]
2019-09-13 19:31:14.403 DEBUG application 5616 _a-0000e338-43eb-8000-3f19-bbef90bbef90_34295 Setting uuids of object references.
2019-09-13 19:31:14.406 DEBUG application 5616 _a-0000e338-43eb-8000-3f19-bbef90bbef90_34295 Processing reference: Application.forum
2019-09-13 19:31:14.408 DEBUG application 5616 _a-0000e338-43eb-8000-3f19-bbef90bbef90_34295 Processing reference: Application.parent
2019-09-13 19:31:14.42 DEBUG application 5616 _a-0000e338-43eb-8000-3f19-bbef90bbef90_34295 Processing reference: com.appiancorp.suiteapi.content.ContentRoleMap@389dc210[
  ContentRole[name=readers,inherit=false,allowForAll=false]
  ContentRole[name=authors,inherit=false,allowForAll=false]
  ContentRole[name=administrators,inherit=false,allowForAll=false]
  ContentRole[name=denyReaders,inherit=false,allowForAll=false]
  ContentRole[name=denyAuthors,inherit=false,allowForAll=false]
  ContentRole[name=denyAdministrators,inherit=false,allowForAll=false]
  securityVector=1:SEC_PUBLIC=true,SEC_CREATOR_ADMIN=false,SEC_INH_ADMIN=false,SEC_INH_EDITOR=false,SEC_INH_VIEWER=false,SEC_ALL_ADMIN=false,SEC_ALL_EDITOR=false,SEC_ALL_VIEWER=false
]
2019-09-13 19:31:14.42 DEBUG application 5616 _a-0000e338-43eb-8000-3f19-bbef90bbef90_34295 Processing reference: ContentRole[name=readers,inherit=false,allowForAll=false]
2019-09-13 19:31:14.42 DEBUG application 5616 _a-0000e338-43eb-8000-3f19-bbef90bbef90_34295 Processing reference: ContentRole[name=authors,inherit=false,allowForAll=false]
2019-09-13 19:31:14.42 DEBUG application 5616 _a-0000e338-43eb-8000-3f19-bbef90bbef90_34295 Processing reference: ContentRole[name=administrators,inherit=false,allowForAll=false]
2019-09-13 19:31:14.42 DEBUG application 5616 _a-0000e338-43eb-8000-3f19-bbef90bbef90_34295 Processing reference: ContentRole[name=denyReaders,inherit=false,allowForAll=false]
2019-09-13 19:31:14.42 DEBUG application 5616 _a-0000e338-43eb-8000-3f19-bbef90bbef90_34295 Processing reference: ContentRole[name=denyAuthors,inherit=false,allowForAll=false]
2019-09-13 19:31:14.42 DEBUG application 5616 _a-0000e338-43eb-8000-3f19-bbef90bbef90_34295 Processing reference: ContentRole[name=denyAdministrators,inherit=false,allowForAll=false]
2019-09-13 19:31:14.428 DEBUG content 5617 _a-0000e338-43eb-8000-3f19-bbef90bbef90_34300 Begin transport.
2019-09-13 19:31:14.428 DEBUG content 5617 _a-0000e338-43eb-8000-3f19-bbef90bbef90_34300 Retrieving object data.
2019-09-13 19:31:14.45 DEBUG content 5617 _a-0000e338-43eb-8000-3f19-bbef90bbef90_34300 Setting uuids of object references.
2019-09-13 19:31:14.45 DEBUG content 5617 _a-0000e338-43eb-8000-3f19-bbef90bbef90_34300 Processing reference: CommunityKnowledgeCenter.forum
2019-09-13 19:31:14.451 DEBUG content 5617 _a-0000e338-43eb-8000-3f19-bbef90bbef90_34300 Processing reference: CommunityKnowledgeCenter.parent
2019-09-13 19:31:14.462 DEBUG content 5617 _a-0000e338-43eb-8000-3f19-bbef90bbef90_34300 Processing reference: com.appiancorp.suiteapi.content.ContentRoleMap@591e99aa[
  ContentRole[name=readers,inherit=false,allowForAll=false]
  ContentRole[name=authors,inherit=false,allowForAll=false]
  ContentRole[name=administrators,inherit=true,allowForAll=false]
  ContentRole[name=denyReaders,inherit=false,allowForAll=false]
  ContentRole[name=denyAuthors,inherit=false,allowForAll=false]
  ContentRole[name=denyAdministrators,inherit=false,allowForAll=false]
  securityVector=9:SEC_PUBLIC=true,SEC_CREATOR_ADMIN=false,SEC_INH_ADMIN=true,SEC_INH_EDITOR=false,SEC_INH_VIEWER=false,SEC_ALL_ADMIN=false,SEC_ALL_EDITOR=false,SEC_ALL_VIEWER=false
]
2019-09-13 19:31:14.462 DEBUG content 5617 _a-0000e338-43eb-8000-3f19-bbef90bbef90_34300 Processing reference: ContentRole[name=readers,inherit=false,allowForAll=false]
2019-09-13 19:31:14.462 DEBUG content 5617 _a-0000e338-43eb-8000-3f19-bbef90bbef90_34300 Processing reference: ContentRole[name=authors,inherit=false,allowForAll=false]
2019-09-13 19:31:14.462 DEBUG content 5617 _a-0000e338-43eb-8000-3f19-bbef90bbef90_34300 Processing reference: ContentRole[name=administrators,inherit=true,allowForAll=false]
2019-09-13 19:31:14.462 DEBUG content 5617 _a-0000e338-43eb-8000-3f19-bbef90bbef90_34300 Processing reference: ContentRole[name=denyReaders,inherit=false,allowForAll=false]
2019-09-13 19:31:14.462 DEBUG content 5617 _a-0000e338-43eb-8000-3f19-bbef90bbef90_34300 Processing reference: ContentRole[name=denyAuthors,inherit=false,allowForAll=false]
2019-09-13 19:31:14.462 DEBUG content 5617 _a-0000e338-43eb-8000-3f19-bbef90bbef90_34300 Processing reference: ContentRole[name=denyAdministrators,inherit=false,allowForAll=false]
2019-09-13 19:31:14.462 DEBUG content 5617 _a-0000e338-43eb-8000-3f19-bbef90bbef90_34300 Completing produce.
2019-09-13 19:31:14.462 DEBUG content 5617 _a-0000e338-43eb-8000-3f19-bbef90bbef90_34300 Exporting binary resources.
2019-09-13 19:31:14.462 DEBUG content 5617 _a-0000e338-43eb-8000-3f19-bbef90bbef90_34300 Serializing object to XML.
2019-09-13 19:31:14.472 DEBUG content 5617 _a-0000e338-43eb-8000-3f19-bbef90bbef90_34300 Object transported.
2019-09-13 19:31:14.472 DEBUG content 5618 _a-0000e338-43eb-8000-3f19-bbef90bbef90_34307 Begin transport.
2019-09-13 19:31:14.472 DEBUG content 5618 _a-0000e338-43eb-8000-3f19-bbef90bbef90_34307 Retrieving object data.
2019-09-13 19:31:14.485 DEBUG content 5618 _a-0000e338-43eb-8000-3f19-bbef90bbef90_34307 Setting uuids of object references.
2019-09-13 19:31:14.485 DEBUG content 5618 _a-0000e338-43eb-8000-3f19-bbef90bbef90_34307 Processing reference: KnowledgeFolder.forum
2019-09-13 19:31:14.486 DEBUG content 5618 _a-0000e338-43eb-8000-3f19-bbef90bbef90_34307 Processing reference: KnowledgeFolder.parent
2019-09-13 19:31:14.493 DEBUG content 5618 _a-0000e338-43eb-8000-3f19-bbef90bbef90_34307 Processing reference: com.appiancorp.suiteapi.content.ContentRoleMap@6ee04316[
  ContentRole[name=readers,inherit=true,allowForAll=false]
  ContentRole[name=authors,inherit=true,allowForAll=false]
  ContentRole[name=administrators,inherit=true,allowForAll=false]
  ContentRole[name=denyReaders,inherit=false,allowForAll=false]
  ContentRole[name=denyAuthors,inherit=false,allowForAll=false]
  ContentRole[name=denyAdministrators,inherit=false,allowForAll=false]
  securityVector=15:SEC_PUBLIC=true,SEC_CREATOR_ADMIN=false,SEC_INH_ADMIN=true,SEC_INH_EDITOR=true,SEC_INH_VIEWER=true,SEC_ALL_ADMIN=false,SEC_ALL_EDITOR=false,SEC_ALL_VIEWER=false
]
2019-09-13 19:31:14.493 DEBUG content 5618 _a-0000e338-43eb-8000-3f19-bbef90bbef90_34307 Processing reference: ContentRole[name=readers,inherit=true,allowForAll=false]
2019-09-13 19:31:14.493 DEBUG content 5618 _a-0000e338-43eb-8000-3f19-bbef90bbef90_34307 Processing reference: ContentRole[name=authors,inherit=true,allowForAll=false]
2019-09-13 19:31:14.493 DEBUG content 5618 _a-0000e338-43eb-8000-3f19-bbef90bbef90_34307 Processing reference: ContentRole[name=administrators,inherit=true,allowForAll=false]
2019-09-13 19:31:14.493 DEBUG content 5618 _a-0000e338-43eb-8000-3f19-bbef90bbef90_34307 Processing reference: ContentRole[name=denyReaders,inherit=false,allowForAll=false]
2019-09-13 19:31:14.493 DEBUG content 5618 _a-0000e338-43eb-8000-3f19-bbef90bbef90_34307 Processing reference: ContentRole[name=denyAuthors,inherit=false,allowForAll=false]
2019-09-13 19:31:14.493 DEBUG content 5618 _a-0000e338-43eb-8000-3f19-bbef90bbef90_34307 Processing reference: ContentRole[name=denyAdministrators,inherit=false,allowForAll=false]
2019-09-13 19:31:14.493 DEBUG content 5618 _a-0000e338-43eb-8000-3f19-bbef90bbef90_34307 Completing produce.
2019-09-13 19:31:14.494 DEBUG content 5618 _a-0000e338-43eb-8000-3f19-bbef90bbef90_34307 Exporting binary resources.
2019-09-13 19:31:14.494 DEBUG content 5618 _a-0000e338-43eb-8000-3f19-bbef90bbef90_34307 Serializing object to XML.
2019-09-13 19:31:14.499 DEBUG content 5618 _a-0000e338-43eb-8000-3f19-bbef90bbef90_34307 Object transported.
2019-09-13 19:31:14.499 DEBUG content 5619 _a-0000e338-43eb-8000-3f19-bbef90bbef90_34319 Begin transport.
2019-09-13 19:31:14.499 DEBUG content 5619 _a-0000e338-43eb-8000-3f19-bbef90bbef90_34319 Retrieving object data.
2019-09-13 19:31:14.513 DEBUG content 5619 _a-0000e338-43eb-8000-3f19-bbef90bbef90_34319 Setting uuids of object references.
2019-09-13 19:31:14.513 DEBUG content 5619 _a-0000e338-43eb-8000-3f19-bbef90bbef90_34319 Processing reference: Document.forum
2019-09-13 19:31:14.514 DEBUG content 5619 _a-0000e338-43eb-8000-3f19-bbef90bbef90_34319 Processing reference: Document.parent
2019-09-13 19:31:14.521 DEBUG content 5619 _a-0000e338-43eb-8000-3f19-bbef90bbef90_34319 Processing reference: com.appiancorp.suiteapi.content.ContentRoleMap@82091b5[
  ContentRole[name=readers,inherit=true,allowForAll=false]
  ContentRole[name=authors,inherit=true,allowForAll=false]
  ContentRole[name=administrators,inherit=true,allowForAll=false]
  ContentRole[name=denyReaders,inherit=false,allowForAll=false]
  ContentRole[name=denyAuthors,inherit=false,allowForAll=false]
  ContentRole[name=denyAdministrators,inherit=false,allowForAll=false]
  securityVector=15:SEC_PUBLIC=true,SEC_CREATOR_ADMIN=false,SEC_INH_ADMIN=true,SEC_INH_EDITOR=true,SEC_INH_VIEWER=true,SEC_ALL_ADMIN=false,SEC_ALL_EDITOR=false,SEC_ALL_VIEWER=false
]
2019-09-13 19:31:14.521 DEBUG content 5619 _a-0000e338-43eb-8000-3f19-bbef90bbef90_34319 Processing reference: ContentRole[name=readers,inherit=true,allowForAll=false]
2019-09-13 19:31:14.521 DEBUG content 5619 _a-0000e338-43eb-8000-3f19-bbef90bbef90_34319 Processing reference: ContentRole[name=authors,inherit=true,allowForAll=false]
2019-09-13 19:31:14.521 DEBUG content 5619 _a-0000e338-43eb-8000-3f19-bbef90bbef90_34319 Processing reference: ContentRole[name=administrators,inherit=true,allowForAll=false]
2019-09-13 19:31:14.521 DEBUG content 5619 _a-0000e338-43eb-8000-3f19-bbef90bbef90_34319 Processing reference: ContentRole[name=denyReaders,inherit=false,allowForAll=false]
2019-09-13 19:31:14.521 DEBUG content 5619 _a-0000e338-43eb-8000-3f19-bbef90bbef90_34319 Processing reference: ContentRole[name=denyAuthors,inherit=false,allowForAll=false]
2019-09-13 19:31:14.521 DEBUG content 5619 _a-0000e338-43eb-8000-3f19-bbef90bbef90_34319 Processing reference: ContentRole[name=denyAdministrators,inherit=false,allowForAll=false]
2019-09-13 19:31:14.521 DEBUG content 5619 _a-0000e338-43eb-8000-3f19-bbef90bbef90_34319 Completing produce.
2019-09-13 19:31:14.521 DEBUG content 5619 _a-0000e338-43eb-8000-3f19-bbef90bbef90_34319 Exporting binary resources.
2019-09-13 19:31:16.5 DEBUG content 5619 _a-0000e338-43eb-8000-3f19-bbef90bbef90_34319 Serializing object to XML.
2019-09-13 19:31:16.506 DEBUG content 5619 _a-0000e338-43eb-8000-3f19-bbef90bbef90_34319 Object transported.
2019-09-13 19:31:16.506 DEBUG application 5616 _a-0000e338-43eb-8000-3f19-bbef90bbef90_34295 Completing produce.
2019-09-13 19:31:16.506 DEBUG application 5616 _a-0000e338-43eb-8000-3f19-bbef90bbef90_34295 Exporting binary resources.
2019-09-13 19:31:16.506 DEBUG application 5616 _a-0000e338-43eb-8000-3f19-bbef90bbef90_34295 Serializing object to XML.
2019-09-13 19:31:16.518 DEBUG application 5616 _a-0000e338-43eb-8000-3f19-bbef90bbef90_34295 Object transported.
