Success (20):
datatype 3664 {urn:com:appian:types:juice}JB_DataType "{urn:com:appian:types:juice}JB_DataType"
group 249 _e-0000e320-df0d-8000-9aee-01075c01075c_903 "JuiceBox SAML Users"
content 8781 _a-0000e320-df0d-8000-9ba2-011c48011c48_53393 "JuiceBox Rules, Constants and Interfaces"
content 8784 _a-0000e320-df0d-8000-9ba2-011c48011c48_53399 "JB_DiscardDropdownOptions"
content 8843 _a-0000e321-2077-8000-9ba2-011c48011c48_53928 "JuiceBox KC"
content 8844 _a-0000e321-2077-8000-9ba2-011c48011c48_53935 "JuiceBox Google Testing Docs"
content 9014 2c242491-a05b-4e0e-a121-5966c0e22b19 "JB_PerformOCR"
content 8850 _a-0000e321-2077-8000-9ba2-011c48011c48_53992 "welcome"
content 8867 fe5c347a-c256-40dc-8f62-789b9e47094f "JB_UploadDocumentToStorageBucket"
content 8872 _a-0000e321-2077-8000-9ba2-011c48011c48_54126 "JB_getTextFromOCRResult"
content 9016 _a-0000e321-2077-8000-9ba2-011c48011c48_55153 "JB_showFullOCRResults"
content 9042 _a-0000e325-2aec-8000-9ba2-011c48011c48_55271 "JB_FitNesseReport"
content 9041 _a-0000e325-2aec-8000-9ba2-011c48011c48_55313 "JB_CustomPickerSuggest"
content 9464 _a-0000e329-87ea-8000-9ba2-011c48011c48_58306 "JB_ButtonArrayLayoutInconsistency"
content 9473 _a-0000e329-87ea-8000-9ba2-011c48011c48_58353 "JB_InterfaceWithCDTRuleInput"
content 8847 _a-0000e321-2077-8000-9ba2-011c48011c48_53959 "AppianHolidayCalendar"
application 8780 _a-0000e320-df0d-8000-9ba2-011c48011c48_53388 "JuiceBox"
tempoReport 52 12b61808-e061-46a7-8de1-6dc32ad45a51 "JuiceBox FitNesse report"
connectedSystem 8841 _a-0000e321-2077-8000-9ba2-011c48011c48_53914 "Google Cloud Storage"
connectedSystem 8842 _a-0000e321-2077-8000-9ba2-011c48011c48_53896 "Google Cloud OCR"

Trace:
2019-09-05 14:00:29.397 DEBUG application 8780 _a-0000e320-df0d-8000-9ba2-011c48011c48_53388 Begin transport.
2019-09-05 14:00:29.397 DEBUG application 8780 _a-0000e320-df0d-8000-9ba2-011c48011c48_53388 Retrieving object data.
2019-09-05 14:00:29.419 DEBUG application 8780 _a-0000e320-df0d-8000-9ba2-011c48011c48_53388 App associated objects: [datatype=[{urn:com:appian:types:juice}JB_DataType],group=[_e-0000e320-df0d-8000-9aee-01075c01075c_903],content=[_a-0000e320-df0d-8000-9ba2-011c48011c48_53393, _a-0000e320-df0d-8000-9ba2-011c48011c48_53399, c977c036-6e4c-4786-87a8-c6b533b3815a, _a-0000e321-2077-8000-9ba2-011c48011c48_53928, _a-0000e321-2077-8000-9ba2-011c48011c48_53935, 2c242491-a05b-4e0e-a121-5966c0e22b19, fe5c347a-c256-40dc-8f62-789b9e47094f, _a-0000e321-2077-8000-9ba2-011c48011c48_54126, _a-0000e321-2077-8000-9ba2-011c48011c48_55153, _a-0000e325-2aec-8000-9ba2-011c48011c48_55271, _a-0000e325-2aec-8000-9ba2-011c48011c48_55313, _a-0000e329-87ea-8000-9ba2-011c48011c48_58306, _a-0000e329-87ea-8000-9ba2-011c48011c48_58353, _a-0000e321-2077-8000-9ba2-011c48011c48_53959, _a-0000e321-2077-8000-9ba2-011c48011c48_53992],tempoReport=[12b61808-e061-46a7-8de1-6dc32ad45a51],connectedSystem=[_a-0000e321-2077-8000-9ba2-011c48011c48_53896, _a-0000e321-2077-8000-9ba2-011c48011c48_53914]]
2019-09-05 14:00:29.441 DEBUG application 8780 _a-0000e320-df0d-8000-9ba2-011c48011c48_53388 Invalid associated objects: [content=[c977c036-6e4c-4786-87a8-c6b533b3815a]]
2019-09-05 14:00:29.441 DEBUG application 8780 _a-0000e320-df0d-8000-9ba2-011c48011c48_53388 Adding valid associated objects to be exported: GlobalBindingMap[datatype={{urn:com:appian:types:juice}JB_DataType=3664},group={_e-0000e320-df0d-8000-9aee-01075c01075c_903=249},content={_a-0000e320-df0d-8000-9ba2-011c48011c48_53393=8781, _a-0000e320-df0d-8000-9ba2-011c48011c48_53399=8784, _a-0000e321-2077-8000-9ba2-011c48011c48_53928=8843, _a-0000e321-2077-8000-9ba2-011c48011c48_53935=8844, 2c242491-a05b-4e0e-a121-5966c0e22b19=9014, fe5c347a-c256-40dc-8f62-789b9e47094f=8867, _a-0000e321-2077-8000-9ba2-011c48011c48_54126=8872, _a-0000e321-2077-8000-9ba2-011c48011c48_55153=9016, _a-0000e325-2aec-8000-9ba2-011c48011c48_55271=9042, _a-0000e325-2aec-8000-9ba2-011c48011c48_55313=9041, _a-0000e329-87ea-8000-9ba2-011c48011c48_58306=9464, _a-0000e329-87ea-8000-9ba2-011c48011c48_58353=9473, _a-0000e321-2077-8000-9ba2-011c48011c48_53959=8847, _a-0000e321-2077-8000-9ba2-011c48011c48_53992=8850},tempoReport={12b61808-e061-46a7-8de1-6dc32ad45a51=52},connectedSystem={_a-0000e321-2077-8000-9ba2-011c48011c48_53896=8842, _a-0000e321-2077-8000-9ba2-011c48011c48_53914=8841}]
2019-09-05 14:00:29.441 DEBUG application 8780 _a-0000e320-df0d-8000-9ba2-011c48011c48_53388 Setting uuids of object references.
2019-09-05 14:00:29.441 DEBUG application 8780 _a-0000e320-df0d-8000-9ba2-011c48011c48_53388 Processing reference: Application.forum
2019-09-05 14:00:29.442 DEBUG application 8780 _a-0000e320-df0d-8000-9ba2-011c48011c48_53388 Processing reference: Application.parent
2019-09-05 14:00:29.448 DEBUG application 8780 _a-0000e320-df0d-8000-9ba2-011c48011c48_53388 Processing reference: com.appiancorp.suiteapi.content.ContentRoleMap@3ec66fba[
  ContentRole[name=readers,inherit=false,allowForAll=false]
  ContentRole[name=authors,inherit=false,allowForAll=false]
  ContentRole[name=administrators,inherit=false,allowForAll=false]
  ContentRole[name=denyReaders,inherit=false,allowForAll=false]
  ContentRole[name=denyAuthors,inherit=false,allowForAll=false]
  ContentRole[name=denyAdministrators,inherit=false,allowForAll=false]
  securityVector=1:SEC_PUBLIC=true,SEC_CREATOR_ADMIN=false,SEC_INH_ADMIN=false,SEC_INH_EDITOR=false,SEC_INH_VIEWER=false,SEC_ALL_ADMIN=false,SEC_ALL_EDITOR=false,SEC_ALL_VIEWER=false
]
2019-09-05 14:00:29.448 DEBUG application 8780 _a-0000e320-df0d-8000-9ba2-011c48011c48_53388 Processing reference: ContentRole[name=readers,inherit=false,allowForAll=false]
2019-09-05 14:00:29.448 DEBUG application 8780 _a-0000e320-df0d-8000-9ba2-011c48011c48_53388 Processing reference: ContentRole[name=authors,inherit=false,allowForAll=false]
2019-09-05 14:00:29.448 DEBUG application 8780 _a-0000e320-df0d-8000-9ba2-011c48011c48_53388 Processing reference: ContentRole[name=administrators,inherit=false,allowForAll=false]
2019-09-05 14:00:29.448 DEBUG application 8780 _a-0000e320-df0d-8000-9ba2-011c48011c48_53388 Processing reference: ContentRole[name=denyReaders,inherit=false,allowForAll=false]
2019-09-05 14:00:29.449 DEBUG application 8780 _a-0000e320-df0d-8000-9ba2-011c48011c48_53388 Processing reference: ContentRole[name=denyAuthors,inherit=false,allowForAll=false]
2019-09-05 14:00:29.449 DEBUG application 8780 _a-0000e320-df0d-8000-9ba2-011c48011c48_53388 Processing reference: ContentRole[name=denyAdministrators,inherit=false,allowForAll=false]
2019-09-05 14:00:29.449 DEBUG datatype 3664 {urn:com:appian:types:juice}JB_DataType Begin transport.
2019-09-05 14:00:29.449 DEBUG datatype 3664 {urn:com:appian:types:juice}JB_DataType Retrieving object data.
2019-09-05 14:00:29.506 DEBUG datatype 3664 {urn:com:appian:types:juice}JB_DataType Setting uuids of object references.
2019-09-05 14:00:29.507 DEBUG datatype 3664 {urn:com:appian:types:juice}JB_DataType Completing produce.
2019-09-05 14:00:29.507 DEBUG datatype 3664 {urn:com:appian:types:juice}JB_DataType Exporting binary resources.
2019-09-05 14:00:29.507 DEBUG datatype 3664 {urn:com:appian:types:juice}JB_DataType Serializing object to XML.
2019-09-05 14:00:29.516 DEBUG datatype 3664 {urn:com:appian:types:juice}JB_DataType Object transported.
2019-09-05 14:00:29.519 DEBUG group 249 _e-0000e320-df0d-8000-9aee-01075c01075c_903 Begin transport.
2019-09-05 14:00:29.519 DEBUG group 249 _e-0000e320-df0d-8000-9aee-01075c01075c_903 Retrieving object data.
2019-09-05 14:00:29.528 DEBUG group 249 _e-0000e320-df0d-8000-9aee-01075c01075c_903 Setting uuids of object references.
2019-09-05 14:00:29.528 DEBUG group 249 _e-0000e320-df0d-8000-9aee-01075c01075c_903 Processing reference: Role[name=<null>]
2019-09-05 14:00:29.529 DEBUG group 249 _e-0000e320-df0d-8000-9aee-01075c01075c_903 Processing reference: Group.groupTypeId
2019-09-05 14:00:29.532 DEBUG group 249 _e-0000e320-df0d-8000-9aee-01075c01075c_903 Processing reference: Group.parentId
2019-09-05 14:00:29.533 DEBUG group 249 _e-0000e320-df0d-8000-9aee-01075c01075c_903 Processing reference: Group.homePageId
2019-09-05 14:00:29.533 DEBUG group 249 _e-0000e320-df0d-8000-9aee-01075c01075c_903 Processing reference: Role[name=<null>]
2019-09-05 14:00:29.533 DEBUG group 249 _e-0000e320-df0d-8000-9aee-01075c01075c_903 Completing produce.
2019-09-05 14:00:29.533 DEBUG group 249 _e-0000e320-df0d-8000-9aee-01075c01075c_903 Exporting binary resources.
2019-09-05 14:00:29.533 DEBUG group 249 _e-0000e320-df0d-8000-9aee-01075c01075c_903 Serializing object to XML.
2019-09-05 14:00:29.557 DEBUG group 249 _e-0000e320-df0d-8000-9aee-01075c01075c_903 Object transported.
2019-09-05 14:00:29.562 DEBUG content 8781 _a-0000e320-df0d-8000-9ba2-011c48011c48_53393 Begin transport.
2019-09-05 14:00:29.562 DEBUG content 8781 _a-0000e320-df0d-8000-9ba2-011c48011c48_53393 Retrieving object data.
2019-09-05 14:00:29.581 DEBUG content 8781 _a-0000e320-df0d-8000-9ba2-011c48011c48_53393 Setting uuids of object references.
2019-09-05 14:00:29.581 DEBUG content 8781 _a-0000e320-df0d-8000-9ba2-011c48011c48_53393 Processing reference: RulesFolder.forum
2019-09-05 14:00:29.581 DEBUG content 8781 _a-0000e320-df0d-8000-9ba2-011c48011c48_53393 Processing reference: RulesFolder.parent
2019-09-05 14:00:29.589 DEBUG content 8781 _a-0000e320-df0d-8000-9ba2-011c48011c48_53393 Processing reference: com.appiancorp.suiteapi.content.ContentRoleMap@6f91bc78[
  ContentRole[name=readers,inherit=false,allowForAll=false]
  ContentRole[name=authors,inherit=false,allowForAll=false]
  ContentRole[name=administrators,inherit=false,allowForAll=false]
  ContentRole[name=denyReaders,inherit=false,allowForAll=false]
  ContentRole[name=denyAuthors,inherit=false,allowForAll=false]
  ContentRole[name=denyAdministrators,inherit=false,allowForAll=false]
  securityVector=1:SEC_PUBLIC=true,SEC_CREATOR_ADMIN=false,SEC_INH_ADMIN=false,SEC_INH_EDITOR=false,SEC_INH_VIEWER=false,SEC_ALL_ADMIN=false,SEC_ALL_EDITOR=false,SEC_ALL_VIEWER=false
]
2019-09-05 14:00:29.589 DEBUG content 8781 _a-0000e320-df0d-8000-9ba2-011c48011c48_53393 Processing reference: ContentRole[name=readers,inherit=false,allowForAll=false]
2019-09-05 14:00:29.589 DEBUG content 8781 _a-0000e320-df0d-8000-9ba2-011c48011c48_53393 Processing reference: ContentRole[name=authors,inherit=false,allowForAll=false]
2019-09-05 14:00:29.589 DEBUG content 8781 _a-0000e320-df0d-8000-9ba2-011c48011c48_53393 Processing reference: ContentRole[name=administrators,inherit=false,allowForAll=false]
2019-09-05 14:00:29.59 DEBUG content 8781 _a-0000e320-df0d-8000-9ba2-011c48011c48_53393 Processing reference: ContentRole[name=denyReaders,inherit=false,allowForAll=false]
2019-09-05 14:00:29.59 DEBUG content 8781 _a-0000e320-df0d-8000-9ba2-011c48011c48_53393 Processing reference: ContentRole[name=denyAuthors,inherit=false,allowForAll=false]
2019-09-05 14:00:29.59 DEBUG content 8781 _a-0000e320-df0d-8000-9ba2-011c48011c48_53393 Processing reference: ContentRole[name=denyAdministrators,inherit=false,allowForAll=false]
2019-09-05 14:00:29.59 DEBUG content 8781 _a-0000e320-df0d-8000-9ba2-011c48011c48_53393 Completing produce.
2019-09-05 14:00:29.59 DEBUG content 8781 _a-0000e320-df0d-8000-9ba2-011c48011c48_53393 Exporting binary resources.
2019-09-05 14:00:29.59 DEBUG content 8781 _a-0000e320-df0d-8000-9ba2-011c48011c48_53393 Serializing object to XML.
2019-09-05 14:00:29.609 DEBUG content 8781 _a-0000e320-df0d-8000-9ba2-011c48011c48_53393 Object transported.
2019-09-05 14:00:29.609 DEBUG content 8784 _a-0000e320-df0d-8000-9ba2-011c48011c48_53399 Begin transport.
2019-09-05 14:00:29.61 DEBUG content 8784 _a-0000e320-df0d-8000-9ba2-011c48011c48_53399 Retrieving object data.
2019-09-05 14:00:29.625 DEBUG content 8784 _a-0000e320-df0d-8000-9ba2-011c48011c48_53399 Setting uuids of object references.
2019-09-05 14:00:29.625 DEBUG content 8784 _a-0000e320-df0d-8000-9ba2-011c48011c48_53399 Processing reference: [Content:id=8782,versionId=-1,name=JB_DiscardDropdownOptions,type=32,subtype=6,uuid=_a-0000e320-df0d-8000-9ba2-011c48011c48_53399,parent=8781]
2019-09-05 14:00:29.634 DEBUG content 8784 _a-0000e320-df0d-8000-9ba2-011c48011c48_53399 Processing reference: Interface.forum
2019-09-05 14:00:29.635 DEBUG content 8784 _a-0000e320-df0d-8000-9ba2-011c48011c48_53399 Processing reference: TypedVariable[name=value,it=3,v=]
2019-09-05 14:00:29.637 DEBUG content 8784 _a-0000e320-df0d-8000-9ba2-011c48011c48_53399 Processing reference: Interface.parent
2019-09-05 14:00:29.642 DEBUG content 8784 _a-0000e320-df0d-8000-9ba2-011c48011c48_53399 Processing reference: com.appiancorp.suiteapi.content.ContentRoleMap@713bfb84[
  ContentRole[name=readers,inherit=true,allowForAll=false]
  ContentRole[name=authors,inherit=true,allowForAll=false]
  ContentRole[name=administrators,inherit=true,allowForAll=false]
  ContentRole[name=denyReaders,inherit=false,allowForAll=false]
  ContentRole[name=denyAuthors,inherit=false,allowForAll=false]
  ContentRole[name=denyAdministrators,inherit=false,allowForAll=false]
  securityVector=15:SEC_PUBLIC=true,SEC_CREATOR_ADMIN=false,SEC_INH_ADMIN=true,SEC_INH_EDITOR=true,SEC_INH_VIEWER=true,SEC_ALL_ADMIN=false,SEC_ALL_EDITOR=false,SEC_ALL_VIEWER=false
]
2019-09-05 14:00:29.642 DEBUG content 8784 _a-0000e320-df0d-8000-9ba2-011c48011c48_53399 Processing reference: ContentRole[name=readers,inherit=true,allowForAll=false]
2019-09-05 14:00:29.642 DEBUG content 8784 _a-0000e320-df0d-8000-9ba2-011c48011c48_53399 Processing reference: ContentRole[name=authors,inherit=true,allowForAll=false]
2019-09-05 14:00:29.642 DEBUG content 8784 _a-0000e320-df0d-8000-9ba2-011c48011c48_53399 Processing reference: ContentRole[name=administrators,inherit=true,allowForAll=false]
2019-09-05 14:00:29.642 DEBUG content 8784 _a-0000e320-df0d-8000-9ba2-011c48011c48_53399 Processing reference: ContentRole[name=denyReaders,inherit=false,allowForAll=false]
2019-09-05 14:00:29.642 DEBUG content 8784 _a-0000e320-df0d-8000-9ba2-011c48011c48_53399 Processing reference: ContentRole[name=denyAuthors,inherit=false,allowForAll=false]
2019-09-05 14:00:29.642 DEBUG content 8784 _a-0000e320-df0d-8000-9ba2-011c48011c48_53399 Processing reference: ContentRole[name=denyAdministrators,inherit=false,allowForAll=false]
2019-09-05 14:00:29.642 DEBUG content 8784 _a-0000e320-df0d-8000-9ba2-011c48011c48_53399 Completing produce.
2019-09-05 14:00:29.642 DEBUG content 8784 _a-0000e320-df0d-8000-9ba2-011c48011c48_53399 Exporting binary resources.
2019-09-05 14:00:29.642 DEBUG content 8784 _a-0000e320-df0d-8000-9ba2-011c48011c48_53399 Serializing object to XML.
2019-09-05 14:00:29.658 DEBUG content 8784 _a-0000e320-df0d-8000-9ba2-011c48011c48_53399 Object transported.
2019-09-05 14:00:29.659 DEBUG content 8843 _a-0000e321-2077-8000-9ba2-011c48011c48_53928 Begin transport.
2019-09-05 14:00:29.659 DEBUG content 8843 _a-0000e321-2077-8000-9ba2-011c48011c48_53928 Retrieving object data.
2019-09-05 14:00:29.671 DEBUG content 8843 _a-0000e321-2077-8000-9ba2-011c48011c48_53928 Setting uuids of object references.
2019-09-05 14:00:29.671 DEBUG content 8843 _a-0000e321-2077-8000-9ba2-011c48011c48_53928 Processing reference: CommunityKnowledgeCenter.forum
2019-09-05 14:00:29.672 DEBUG content 8843 _a-0000e321-2077-8000-9ba2-011c48011c48_53928 Processing reference: CommunityKnowledgeCenter.parent
2019-09-05 14:00:29.675 DEBUG content 8843 _a-0000e321-2077-8000-9ba2-011c48011c48_53928 Processing reference: com.appiancorp.suiteapi.content.ContentRoleMap@29e57d72[
  ContentRole[name=readers,inherit=false,allowForAll=false]
  ContentRole[name=authors,inherit=false,allowForAll=false]
  ContentRole[name=administrators,inherit=true,allowForAll=false]
  ContentRole[name=denyReaders,inherit=false,allowForAll=false]
  ContentRole[name=denyAuthors,inherit=false,allowForAll=false]
  ContentRole[name=denyAdministrators,inherit=false,allowForAll=false]
  securityVector=9:SEC_PUBLIC=true,SEC_CREATOR_ADMIN=false,SEC_INH_ADMIN=true,SEC_INH_EDITOR=false,SEC_INH_VIEWER=false,SEC_ALL_ADMIN=false,SEC_ALL_EDITOR=false,SEC_ALL_VIEWER=false
]
2019-09-05 14:00:29.675 DEBUG content 8843 _a-0000e321-2077-8000-9ba2-011c48011c48_53928 Processing reference: ContentRole[name=readers,inherit=false,allowForAll=false]
2019-09-05 14:00:29.675 DEBUG content 8843 _a-0000e321-2077-8000-9ba2-011c48011c48_53928 Processing reference: ContentRole[name=authors,inherit=false,allowForAll=false]
2019-09-05 14:00:29.675 DEBUG content 8843 _a-0000e321-2077-8000-9ba2-011c48011c48_53928 Processing reference: ContentRole[name=administrators,inherit=true,allowForAll=false]
2019-09-05 14:00:29.675 DEBUG content 8843 _a-0000e321-2077-8000-9ba2-011c48011c48_53928 Processing reference: ContentRole[name=denyReaders,inherit=false,allowForAll=false]
2019-09-05 14:00:29.675 DEBUG content 8843 _a-0000e321-2077-8000-9ba2-011c48011c48_53928 Processing reference: ContentRole[name=denyAuthors,inherit=false,allowForAll=false]
2019-09-05 14:00:29.675 DEBUG content 8843 _a-0000e321-2077-8000-9ba2-011c48011c48_53928 Processing reference: ContentRole[name=denyAdministrators,inherit=false,allowForAll=false]
2019-09-05 14:00:29.676 DEBUG content 8843 _a-0000e321-2077-8000-9ba2-011c48011c48_53928 Completing produce.
2019-09-05 14:00:29.676 DEBUG content 8843 _a-0000e321-2077-8000-9ba2-011c48011c48_53928 Exporting binary resources.
2019-09-05 14:00:29.676 DEBUG content 8843 _a-0000e321-2077-8000-9ba2-011c48011c48_53928 Serializing object to XML.
2019-09-05 14:00:29.688 DEBUG content 8843 _a-0000e321-2077-8000-9ba2-011c48011c48_53928 Object transported.
2019-09-05 14:00:29.689 DEBUG content 8844 _a-0000e321-2077-8000-9ba2-011c48011c48_53935 Begin transport.
2019-09-05 14:00:29.689 DEBUG content 8844 _a-0000e321-2077-8000-9ba2-011c48011c48_53935 Retrieving object data.
2019-09-05 14:00:29.7 DEBUG content 8844 _a-0000e321-2077-8000-9ba2-011c48011c48_53935 Setting uuids of object references.
2019-09-05 14:00:29.7 DEBUG content 8844 _a-0000e321-2077-8000-9ba2-011c48011c48_53935 Processing reference: KnowledgeFolder.forum
2019-09-05 14:00:29.701 DEBUG content 8844 _a-0000e321-2077-8000-9ba2-011c48011c48_53935 Processing reference: KnowledgeFolder.parent
2019-09-05 14:00:29.704 DEBUG content 8844 _a-0000e321-2077-8000-9ba2-011c48011c48_53935 Processing reference: com.appiancorp.suiteapi.content.ContentRoleMap@6ef9ce40[
  ContentRole[name=readers,inherit=true,allowForAll=false]
  ContentRole[name=authors,inherit=true,allowForAll=false]
  ContentRole[name=administrators,inherit=true,allowForAll=false]
  ContentRole[name=denyReaders,inherit=false,allowForAll=false]
  ContentRole[name=denyAuthors,inherit=false,allowForAll=false]
  ContentRole[name=denyAdministrators,inherit=false,allowForAll=false]
  securityVector=15:SEC_PUBLIC=true,SEC_CREATOR_ADMIN=false,SEC_INH_ADMIN=true,SEC_INH_EDITOR=true,SEC_INH_VIEWER=true,SEC_ALL_ADMIN=false,SEC_ALL_EDITOR=false,SEC_ALL_VIEWER=false
]
2019-09-05 14:00:29.704 DEBUG content 8844 _a-0000e321-2077-8000-9ba2-011c48011c48_53935 Processing reference: ContentRole[name=readers,inherit=true,allowForAll=false]
2019-09-05 14:00:29.704 DEBUG content 8844 _a-0000e321-2077-8000-9ba2-011c48011c48_53935 Processing reference: ContentRole[name=authors,inherit=true,allowForAll=false]
2019-09-05 14:00:29.704 DEBUG content 8844 _a-0000e321-2077-8000-9ba2-011c48011c48_53935 Processing reference: ContentRole[name=administrators,inherit=true,allowForAll=false]
2019-09-05 14:00:29.705 DEBUG content 8844 _a-0000e321-2077-8000-9ba2-011c48011c48_53935 Processing reference: ContentRole[name=denyReaders,inherit=false,allowForAll=false]
2019-09-05 14:00:29.705 DEBUG content 8844 _a-0000e321-2077-8000-9ba2-011c48011c48_53935 Processing reference: ContentRole[name=denyAuthors,inherit=false,allowForAll=false]
2019-09-05 14:00:29.705 DEBUG content 8844 _a-0000e321-2077-8000-9ba2-011c48011c48_53935 Processing reference: ContentRole[name=denyAdministrators,inherit=false,allowForAll=false]
2019-09-05 14:00:29.705 DEBUG content 8844 _a-0000e321-2077-8000-9ba2-011c48011c48_53935 Completing produce.
2019-09-05 14:00:29.705 DEBUG content 8844 _a-0000e321-2077-8000-9ba2-011c48011c48_53935 Exporting binary resources.
2019-09-05 14:00:29.705 DEBUG content 8844 _a-0000e321-2077-8000-9ba2-011c48011c48_53935 Serializing object to XML.
2019-09-05 14:00:29.717 DEBUG content 8844 _a-0000e321-2077-8000-9ba2-011c48011c48_53935 Object transported.
2019-09-05 14:00:29.717 DEBUG content 9014 2c242491-a05b-4e0e-a121-5966c0e22b19 Begin transport.
2019-09-05 14:00:29.717 DEBUG content 9014 2c242491-a05b-4e0e-a121-5966c0e22b19 Retrieving object data.
2019-09-05 14:00:29.733 DEBUG content 9014 2c242491-a05b-4e0e-a121-5966c0e22b19 Setting uuids of object references.
2019-09-05 14:00:29.733 DEBUG content 9014 2c242491-a05b-4e0e-a121-5966c0e22b19 Processing reference: [Content:id=8845,versionId=-1,name=JB_PerformOCR,type=32,subtype=5,uuid=2c242491-a05b-4e0e-a121-5966c0e22b19,parent=8781]
2019-09-05 14:00:29.749 DEBUG content 9014 2c242491-a05b-4e0e-a121-5966c0e22b19 Processing reference: OutboundIntegration.configParametersForJaxb
2019-09-05 14:00:29.756 DEBUG content 9014 2c242491-a05b-4e0e-a121-5966c0e22b19 Processing reference: OutboundIntegration.forum
2019-09-05 14:00:29.762 DEBUG content 9014 2c242491-a05b-4e0e-a121-5966c0e22b19 Processing reference: OutboundIntegration.integrationOutputsAsTypedValue
2019-09-05 14:00:29.765 DEBUG content 9014 2c242491-a05b-4e0e-a121-5966c0e22b19 Processing reference: TypedVariable[name=onSuccess,it=97,v=<null>]
2019-09-05 14:00:29.765 DEBUG content 9014 2c242491-a05b-4e0e-a121-5966c0e22b19 Processing reference: TypedVariable[name=onError,it=97,v=<null>]
2019-09-05 14:00:29.765 DEBUG content 9014 2c242491-a05b-4e0e-a121-5966c0e22b19 Processing reference: OutboundIntegration.parent
2019-09-05 14:00:29.768 DEBUG content 9014 2c242491-a05b-4e0e-a121-5966c0e22b19 Processing reference: OutboundIntegration.sharedConfigParameters
2019-09-05 14:00:29.769 DEBUG content 9014 2c242491-a05b-4e0e-a121-5966c0e22b19 Processing reference: com.appiancorp.suiteapi.content.ContentRoleMap@33fef634[
  ContentRole[name=readers,inherit=true,allowForAll=false]
  ContentRole[name=authors,inherit=true,allowForAll=false]
  ContentRole[name=administrators,inherit=true,allowForAll=false]
  ContentRole[name=denyReaders,inherit=false,allowForAll=false]
  ContentRole[name=denyAuthors,inherit=false,allowForAll=false]
  ContentRole[name=denyAdministrators,inherit=false,allowForAll=false]
  securityVector=15:SEC_PUBLIC=true,SEC_CREATOR_ADMIN=false,SEC_INH_ADMIN=true,SEC_INH_EDITOR=true,SEC_INH_VIEWER=true,SEC_ALL_ADMIN=false,SEC_ALL_EDITOR=false,SEC_ALL_VIEWER=false
]
2019-09-05 14:00:29.769 DEBUG content 9014 2c242491-a05b-4e0e-a121-5966c0e22b19 Processing reference: ContentRole[name=readers,inherit=true,allowForAll=false]
2019-09-05 14:00:29.769 DEBUG content 9014 2c242491-a05b-4e0e-a121-5966c0e22b19 Processing reference: ContentRole[name=authors,inherit=true,allowForAll=false]
2019-09-05 14:00:29.769 DEBUG content 9014 2c242491-a05b-4e0e-a121-5966c0e22b19 Processing reference: ContentRole[name=administrators,inherit=true,allowForAll=false]
2019-09-05 14:00:29.769 DEBUG content 9014 2c242491-a05b-4e0e-a121-5966c0e22b19 Processing reference: ContentRole[name=denyReaders,inherit=false,allowForAll=false]
2019-09-05 14:00:29.769 DEBUG content 9014 2c242491-a05b-4e0e-a121-5966c0e22b19 Processing reference: ContentRole[name=denyAuthors,inherit=false,allowForAll=false]
2019-09-05 14:00:29.769 DEBUG content 9014 2c242491-a05b-4e0e-a121-5966c0e22b19 Processing reference: ContentRole[name=denyAdministrators,inherit=false,allowForAll=false]
2019-09-05 14:00:29.776 DEBUG content 9014 2c242491-a05b-4e0e-a121-5966c0e22b19 Completing produce.
2019-09-05 14:00:29.776 DEBUG content 9014 2c242491-a05b-4e0e-a121-5966c0e22b19 Exporting binary resources.
2019-09-05 14:00:29.776 DEBUG content 9014 2c242491-a05b-4e0e-a121-5966c0e22b19 Serializing object to XML.
2019-09-05 14:00:29.831 DEBUG content 9014 2c242491-a05b-4e0e-a121-5966c0e22b19 Object transported.
2019-09-05 14:00:29.831 DEBUG content 8867 fe5c347a-c256-40dc-8f62-789b9e47094f Begin transport.
2019-09-05 14:00:29.831 DEBUG content 8867 fe5c347a-c256-40dc-8f62-789b9e47094f Retrieving object data.
2019-09-05 14:00:29.846 DEBUG content 8867 fe5c347a-c256-40dc-8f62-789b9e47094f Setting uuids of object references.
2019-09-05 14:00:29.846 DEBUG content 8867 fe5c347a-c256-40dc-8f62-789b9e47094f Processing reference: [Content:id=8846,versionId=-1,name=JB_UploadDocumentToStorageBucket,type=32,subtype=5,uuid=fe5c347a-c256-40dc-8f62-789b9e47094f,parent=8781]
2019-09-05 14:00:29.852 DEBUG connectedSystem 8841 _a-0000e321-2077-8000-9ba2-011c48011c48_53914 Begin transport.
2019-09-05 14:00:29.853 DEBUG connectedSystem 8841 _a-0000e321-2077-8000-9ba2-011c48011c48_53914 Retrieving object data.
2019-09-05 14:00:29.862 DEBUG connectedSystem 8841 _a-0000e321-2077-8000-9ba2-011c48011c48_53914 Setting uuids of object references.
2019-09-05 14:00:29.879 DEBUG connectedSystem 8841 _a-0000e321-2077-8000-9ba2-011c48011c48_53914 Processing reference: ConnectedSystem.forum
2019-09-05 14:00:29.879 DEBUG connectedSystem 8841 _a-0000e321-2077-8000-9ba2-011c48011c48_53914 Processing reference: ConnectedSystem.logoId
2019-09-05 14:00:29.88 DEBUG connectedSystem 8841 _a-0000e321-2077-8000-9ba2-011c48011c48_53914 Processing reference: ConnectedSystem.parent
2019-09-05 14:00:29.888 DEBUG connectedSystem 8841 _a-0000e321-2077-8000-9ba2-011c48011c48_53914 Processing reference: ConnectedSystem.sharedConfigParameters
2019-09-05 14:00:29.892 DEBUG connectedSystem 8841 _a-0000e321-2077-8000-9ba2-011c48011c48_53914 Processing reference: com.appiancorp.suiteapi.content.ContentRoleMap@40d93069[
  ContentRole[name=readers,inherit=false,allowForAll=false]
  ContentRole[name=authors,inherit=false,allowForAll=false]
  ContentRole[name=administrators,inherit=false,allowForAll=false]
  ContentRole[name=denyReaders,inherit=false,allowForAll=false]
  ContentRole[name=denyAuthors,inherit=false,allowForAll=false]
  ContentRole[name=denyAdministrators,inherit=false,allowForAll=false]
  securityVector=1:SEC_PUBLIC=true,SEC_CREATOR_ADMIN=false,SEC_INH_ADMIN=false,SEC_INH_EDITOR=false,SEC_INH_VIEWER=false,SEC_ALL_ADMIN=false,SEC_ALL_EDITOR=false,SEC_ALL_VIEWER=false
]
2019-09-05 14:00:29.892 DEBUG connectedSystem 8841 _a-0000e321-2077-8000-9ba2-011c48011c48_53914 Processing reference: ContentRole[name=readers,inherit=false,allowForAll=false]
2019-09-05 14:00:29.892 DEBUG connectedSystem 8841 _a-0000e321-2077-8000-9ba2-011c48011c48_53914 Processing reference: ContentRole[name=authors,inherit=false,allowForAll=false]
2019-09-05 14:00:29.892 DEBUG connectedSystem 8841 _a-0000e321-2077-8000-9ba2-011c48011c48_53914 Processing reference: ContentRole[name=administrators,inherit=false,allowForAll=false]
2019-09-05 14:00:29.892 DEBUG connectedSystem 8841 _a-0000e321-2077-8000-9ba2-011c48011c48_53914 Processing reference: ContentRole[name=denyReaders,inherit=false,allowForAll=false]
2019-09-05 14:00:29.892 DEBUG connectedSystem 8841 _a-0000e321-2077-8000-9ba2-011c48011c48_53914 Processing reference: ContentRole[name=denyAuthors,inherit=false,allowForAll=false]
2019-09-05 14:00:29.892 DEBUG connectedSystem 8841 _a-0000e321-2077-8000-9ba2-011c48011c48_53914 Processing reference: ContentRole[name=denyAdministrators,inherit=false,allowForAll=false]
2019-09-05 14:00:30.039 DEBUG connectedSystem 8841 _a-0000e321-2077-8000-9ba2-011c48011c48_53914 Registering export properties.
2019-09-05 14:00:30.041 DEBUG connectedSystem 8841 _a-0000e321-2077-8000-9ba2-011c48011c48_53914 Completing produce.
2019-09-05 14:00:30.042 DEBUG connectedSystem 8841 _a-0000e321-2077-8000-9ba2-011c48011c48_53914 Exporting binary resources.
2019-09-05 14:00:30.042 DEBUG connectedSystem 8841 _a-0000e321-2077-8000-9ba2-011c48011c48_53914 Serializing object to XML.
2019-09-05 14:00:30.096 DEBUG connectedSystem 8841 _a-0000e321-2077-8000-9ba2-011c48011c48_53914 Object transported.
2019-09-05 14:00:30.1 DEBUG content 8867 fe5c347a-c256-40dc-8f62-789b9e47094f Processing reference: OutboundIntegration.configParametersForJaxb
2019-09-05 14:00:30.11 DEBUG content 8850 _a-0000e321-2077-8000-9ba2-011c48011c48_53992 Begin transport.
2019-09-05 14:00:30.11 DEBUG content 8850 _a-0000e321-2077-8000-9ba2-011c48011c48_53992 Retrieving object data.
2019-09-05 14:00:30.128 DEBUG content 8850 _a-0000e321-2077-8000-9ba2-011c48011c48_53992 Setting uuids of object references.
2019-09-05 14:00:30.129 DEBUG content 8850 _a-0000e321-2077-8000-9ba2-011c48011c48_53992 Processing reference: Document.forum
2019-09-05 14:00:30.129 DEBUG content 8850 _a-0000e321-2077-8000-9ba2-011c48011c48_53992 Processing reference: Document.parent
2019-09-05 14:00:30.134 DEBUG content 8850 _a-0000e321-2077-8000-9ba2-011c48011c48_53992 Processing reference: com.appiancorp.suiteapi.content.ContentRoleMap@1017e1dc[
  ContentRole[name=readers,inherit=true,allowForAll=false]
  ContentRole[name=authors,inherit=true,allowForAll=false]
  ContentRole[name=administrators,inherit=true,allowForAll=false]
  ContentRole[name=denyReaders,inherit=false,allowForAll=false]
  ContentRole[name=denyAuthors,inherit=false,allowForAll=false]
  ContentRole[name=denyAdministrators,inherit=false,allowForAll=false]
  securityVector=15:SEC_PUBLIC=true,SEC_CREATOR_ADMIN=false,SEC_INH_ADMIN=true,SEC_INH_EDITOR=true,SEC_INH_VIEWER=true,SEC_ALL_ADMIN=false,SEC_ALL_EDITOR=false,SEC_ALL_VIEWER=false
]
2019-09-05 14:00:30.134 DEBUG content 8850 _a-0000e321-2077-8000-9ba2-011c48011c48_53992 Processing reference: ContentRole[name=readers,inherit=true,allowForAll=false]
2019-09-05 14:00:30.134 DEBUG content 8850 _a-0000e321-2077-8000-9ba2-011c48011c48_53992 Processing reference: ContentRole[name=authors,inherit=true,allowForAll=false]
2019-09-05 14:00:30.135 DEBUG content 8850 _a-0000e321-2077-8000-9ba2-011c48011c48_53992 Processing reference: ContentRole[name=administrators,inherit=true,allowForAll=false]
2019-09-05 14:00:30.135 DEBUG content 8850 _a-0000e321-2077-8000-9ba2-011c48011c48_53992 Processing reference: ContentRole[name=denyReaders,inherit=false,allowForAll=false]
2019-09-05 14:00:30.135 DEBUG content 8850 _a-0000e321-2077-8000-9ba2-011c48011c48_53992 Processing reference: ContentRole[name=denyAuthors,inherit=false,allowForAll=false]
2019-09-05 14:00:30.135 DEBUG content 8850 _a-0000e321-2077-8000-9ba2-011c48011c48_53992 Processing reference: ContentRole[name=denyAdministrators,inherit=false,allowForAll=false]
2019-09-05 14:00:30.135 DEBUG content 8850 _a-0000e321-2077-8000-9ba2-011c48011c48_53992 Completing produce.
2019-09-05 14:00:30.135 DEBUG content 8850 _a-0000e321-2077-8000-9ba2-011c48011c48_53992 Exporting binary resources.
2019-09-05 14:00:30.318 DEBUG content 8850 _a-0000e321-2077-8000-9ba2-011c48011c48_53992 Serializing object to XML.
2019-09-05 14:00:30.336 DEBUG content 8850 _a-0000e321-2077-8000-9ba2-011c48011c48_53992 Object transported.
2019-09-05 14:00:30.336 DEBUG content 8867 fe5c347a-c256-40dc-8f62-789b9e47094f Processing reference: OutboundIntegration.forum
2019-09-05 14:00:30.346 DEBUG content 8867 fe5c347a-c256-40dc-8f62-789b9e47094f Processing reference: OutboundIntegration.integrationOutputsAsTypedValue
2019-09-05 14:00:30.347 DEBUG content 8867 fe5c347a-c256-40dc-8f62-789b9e47094f Processing reference: TypedVariable[name=onSuccess,it=97,v=<null>]
2019-09-05 14:00:30.347 DEBUG content 8867 fe5c347a-c256-40dc-8f62-789b9e47094f Processing reference: TypedVariable[name=onError,it=97,v=<null>]
2019-09-05 14:00:30.347 DEBUG content 8867 fe5c347a-c256-40dc-8f62-789b9e47094f Processing reference: OutboundIntegration.parent
2019-09-05 14:00:30.356 DEBUG content 8867 fe5c347a-c256-40dc-8f62-789b9e47094f Processing reference: OutboundIntegration.sharedConfigParameters
2019-09-05 14:00:30.356 DEBUG content 8867 fe5c347a-c256-40dc-8f62-789b9e47094f Processing reference: com.appiancorp.suiteapi.content.ContentRoleMap@2f55e3db[
  ContentRole[name=readers,inherit=true,allowForAll=false]
  ContentRole[name=authors,inherit=true,allowForAll=false]
  ContentRole[name=administrators,inherit=true,allowForAll=false]
  ContentRole[name=denyReaders,inherit=false,allowForAll=false]
  ContentRole[name=denyAuthors,inherit=false,allowForAll=false]
  ContentRole[name=denyAdministrators,inherit=false,allowForAll=false]
  securityVector=15:SEC_PUBLIC=true,SEC_CREATOR_ADMIN=false,SEC_INH_ADMIN=true,SEC_INH_EDITOR=true,SEC_INH_VIEWER=true,SEC_ALL_ADMIN=false,SEC_ALL_EDITOR=false,SEC_ALL_VIEWER=false
]
2019-09-05 14:00:30.356 DEBUG content 8867 fe5c347a-c256-40dc-8f62-789b9e47094f Processing reference: ContentRole[name=readers,inherit=true,allowForAll=false]
2019-09-05 14:00:30.356 DEBUG content 8867 fe5c347a-c256-40dc-8f62-789b9e47094f Processing reference: ContentRole[name=authors,inherit=true,allowForAll=false]
2019-09-05 14:00:30.357 DEBUG content 8867 fe5c347a-c256-40dc-8f62-789b9e47094f Processing reference: ContentRole[name=administrators,inherit=true,allowForAll=false]
2019-09-05 14:00:30.357 DEBUG content 8867 fe5c347a-c256-40dc-8f62-789b9e47094f Processing reference: ContentRole[name=denyReaders,inherit=false,allowForAll=false]
2019-09-05 14:00:30.357 DEBUG content 8867 fe5c347a-c256-40dc-8f62-789b9e47094f Processing reference: ContentRole[name=denyAuthors,inherit=false,allowForAll=false]
2019-09-05 14:00:30.357 DEBUG content 8867 fe5c347a-c256-40dc-8f62-789b9e47094f Processing reference: ContentRole[name=denyAdministrators,inherit=false,allowForAll=false]
2019-09-05 14:00:30.357 DEBUG content 8867 fe5c347a-c256-40dc-8f62-789b9e47094f Completing produce.
2019-09-05 14:00:30.357 DEBUG content 8867 fe5c347a-c256-40dc-8f62-789b9e47094f Exporting binary resources.
2019-09-05 14:00:30.357 DEBUG content 8867 fe5c347a-c256-40dc-8f62-789b9e47094f Serializing object to XML.
2019-09-05 14:00:30.432 DEBUG content 8867 fe5c347a-c256-40dc-8f62-789b9e47094f Object transported.
2019-09-05 14:00:30.432 DEBUG content 8872 _a-0000e321-2077-8000-9ba2-011c48011c48_54126 Begin transport.
2019-09-05 14:00:30.432 DEBUG content 8872 _a-0000e321-2077-8000-9ba2-011c48011c48_54126 Retrieving object data.
2019-09-05 14:00:30.455 DEBUG content 8872 _a-0000e321-2077-8000-9ba2-011c48011c48_54126 Setting uuids of object references.
2019-09-05 14:00:30.456 DEBUG content 8872 _a-0000e321-2077-8000-9ba2-011c48011c48_54126 Processing reference: [Content:id=8871,versionId=-1,name=JB_getTextFromOCRResult,type=32,subtype=1,uuid=_a-0000e321-2077-8000-9ba2-011c48011c48_54126,parent=8781]
2019-09-05 14:00:30.474 DEBUG content 8872 _a-0000e321-2077-8000-9ba2-011c48011c48_54126 Processing reference: FreeformRule.forum
2019-09-05 14:00:30.475 DEBUG content 8872 _a-0000e321-2077-8000-9ba2-011c48011c48_54126 Processing reference: FreeformRule.parent
2019-09-05 14:00:30.48 DEBUG content 8872 _a-0000e321-2077-8000-9ba2-011c48011c48_54126 Processing reference: com.appiancorp.suiteapi.content.ContentRoleMap@7698d9cb[
  ContentRole[name=readers,inherit=true,allowForAll=false]
  ContentRole[name=authors,inherit=true,allowForAll=false]
  ContentRole[name=administrators,inherit=true,allowForAll=false]
  ContentRole[name=denyReaders,inherit=false,allowForAll=false]
  ContentRole[name=denyAuthors,inherit=false,allowForAll=false]
  ContentRole[name=denyAdministrators,inherit=false,allowForAll=false]
  securityVector=15:SEC_PUBLIC=true,SEC_CREATOR_ADMIN=false,SEC_INH_ADMIN=true,SEC_INH_EDITOR=true,SEC_INH_VIEWER=true,SEC_ALL_ADMIN=false,SEC_ALL_EDITOR=false,SEC_ALL_VIEWER=false
]
2019-09-05 14:00:30.48 DEBUG content 8872 _a-0000e321-2077-8000-9ba2-011c48011c48_54126 Processing reference: ContentRole[name=readers,inherit=true,allowForAll=false]
2019-09-05 14:00:30.48 DEBUG content 8872 _a-0000e321-2077-8000-9ba2-011c48011c48_54126 Processing reference: ContentRole[name=authors,inherit=true,allowForAll=false]
2019-09-05 14:00:30.48 DEBUG content 8872 _a-0000e321-2077-8000-9ba2-011c48011c48_54126 Processing reference: ContentRole[name=administrators,inherit=true,allowForAll=false]
2019-09-05 14:00:30.48 DEBUG content 8872 _a-0000e321-2077-8000-9ba2-011c48011c48_54126 Processing reference: ContentRole[name=denyReaders,inherit=false,allowForAll=false]
2019-09-05 14:00:30.48 DEBUG content 8872 _a-0000e321-2077-8000-9ba2-011c48011c48_54126 Processing reference: ContentRole[name=denyAuthors,inherit=false,allowForAll=false]
2019-09-05 14:00:30.48 DEBUG content 8872 _a-0000e321-2077-8000-9ba2-011c48011c48_54126 Processing reference: ContentRole[name=denyAdministrators,inherit=false,allowForAll=false]
2019-09-05 14:00:30.481 DEBUG content 8872 _a-0000e321-2077-8000-9ba2-011c48011c48_54126 Completing produce.
2019-09-05 14:00:30.481 DEBUG content 8872 _a-0000e321-2077-8000-9ba2-011c48011c48_54126 Exporting binary resources.
2019-09-05 14:00:30.481 DEBUG content 8872 _a-0000e321-2077-8000-9ba2-011c48011c48_54126 Serializing object to XML.
2019-09-05 14:00:30.5 DEBUG content 8872 _a-0000e321-2077-8000-9ba2-011c48011c48_54126 Object transported.
2019-09-05 14:00:30.5 DEBUG content 9016 _a-0000e321-2077-8000-9ba2-011c48011c48_55153 Begin transport.
2019-09-05 14:00:30.5 DEBUG content 9016 _a-0000e321-2077-8000-9ba2-011c48011c48_55153 Retrieving object data.
2019-09-05 14:00:30.523 DEBUG content 9016 _a-0000e321-2077-8000-9ba2-011c48011c48_55153 Setting uuids of object references.
2019-09-05 14:00:30.523 DEBUG content 9016 _a-0000e321-2077-8000-9ba2-011c48011c48_55153 Processing reference: [Content:id=9015,versionId=-1,name=JB_showFullOCRResults,type=32,subtype=6,uuid=_a-0000e321-2077-8000-9ba2-011c48011c48_55153,parent=8781]
2019-09-05 14:00:30.529 DEBUG content 9016 _a-0000e321-2077-8000-9ba2-011c48011c48_55153 Processing reference: Interface.forum
2019-09-05 14:00:30.53 DEBUG content 9016 _a-0000e321-2077-8000-9ba2-011c48011c48_55153 Processing reference: Interface.parent
2019-09-05 14:00:30.536 DEBUG content 9016 _a-0000e321-2077-8000-9ba2-011c48011c48_55153 Processing reference: com.appiancorp.suiteapi.content.ContentRoleMap@352c3305[
  ContentRole[name=readers,inherit=true,allowForAll=false]
  ContentRole[name=authors,inherit=true,allowForAll=false]
  ContentRole[name=administrators,inherit=true,allowForAll=false]
  ContentRole[name=denyReaders,inherit=false,allowForAll=false]
  ContentRole[name=denyAuthors,inherit=false,allowForAll=false]
  ContentRole[name=denyAdministrators,inherit=false,allowForAll=false]
  securityVector=15:SEC_PUBLIC=true,SEC_CREATOR_ADMIN=false,SEC_INH_ADMIN=true,SEC_INH_EDITOR=true,SEC_INH_VIEWER=true,SEC_ALL_ADMIN=false,SEC_ALL_EDITOR=false,SEC_ALL_VIEWER=false
]
2019-09-05 14:00:30.536 DEBUG content 9016 _a-0000e321-2077-8000-9ba2-011c48011c48_55153 Processing reference: ContentRole[name=readers,inherit=true,allowForAll=false]
2019-09-05 14:00:30.536 DEBUG content 9016 _a-0000e321-2077-8000-9ba2-011c48011c48_55153 Processing reference: ContentRole[name=authors,inherit=true,allowForAll=false]
2019-09-05 14:00:30.536 DEBUG content 9016 _a-0000e321-2077-8000-9ba2-011c48011c48_55153 Processing reference: ContentRole[name=administrators,inherit=true,allowForAll=false]
2019-09-05 14:00:30.536 DEBUG content 9016 _a-0000e321-2077-8000-9ba2-011c48011c48_55153 Processing reference: ContentRole[name=denyReaders,inherit=false,allowForAll=false]
2019-09-05 14:00:30.536 DEBUG content 9016 _a-0000e321-2077-8000-9ba2-011c48011c48_55153 Processing reference: ContentRole[name=denyAuthors,inherit=false,allowForAll=false]
2019-09-05 14:00:30.536 DEBUG content 9016 _a-0000e321-2077-8000-9ba2-011c48011c48_55153 Processing reference: ContentRole[name=denyAdministrators,inherit=false,allowForAll=false]
2019-09-05 14:00:30.536 DEBUG content 9016 _a-0000e321-2077-8000-9ba2-011c48011c48_55153 Completing produce.
2019-09-05 14:00:30.536 DEBUG content 9016 _a-0000e321-2077-8000-9ba2-011c48011c48_55153 Exporting binary resources.
2019-09-05 14:00:30.536 DEBUG content 9016 _a-0000e321-2077-8000-9ba2-011c48011c48_55153 Serializing object to XML.
2019-09-05 14:00:30.553 DEBUG content 9016 _a-0000e321-2077-8000-9ba2-011c48011c48_55153 Object transported.
2019-09-05 14:00:30.553 DEBUG content 9042 _a-0000e325-2aec-8000-9ba2-011c48011c48_55271 Begin transport.
2019-09-05 14:00:30.553 DEBUG content 9042 _a-0000e325-2aec-8000-9ba2-011c48011c48_55271 Retrieving object data.
2019-09-05 14:00:30.59 DEBUG content 9042 _a-0000e325-2aec-8000-9ba2-011c48011c48_55271 Setting uuids of object references.
2019-09-05 14:00:30.591 DEBUG content 9042 _a-0000e325-2aec-8000-9ba2-011c48011c48_55271 Processing reference: [Content:id=9033,versionId=-1,name=JB_FitNesseReport,type=32,subtype=6,uuid=_a-0000e325-2aec-8000-9ba2-011c48011c48_55271,parent=8781]
2019-09-05 14:00:30.612 DEBUG content 9042 _a-0000e325-2aec-8000-9ba2-011c48011c48_55271 Processing reference: Interface.forum
2019-09-05 14:00:30.612 DEBUG content 9042 _a-0000e325-2aec-8000-9ba2-011c48011c48_55271 Processing reference: Interface.parent
2019-09-05 14:00:30.618 DEBUG content 9042 _a-0000e325-2aec-8000-9ba2-011c48011c48_55271 Processing reference: com.appiancorp.suiteapi.content.ContentRoleMap@1b3494bd[
  ContentRole[name=readers,inherit=true,allowForAll=false]
  ContentRole[name=authors,inherit=true,allowForAll=false]
  ContentRole[name=administrators,inherit=true,allowForAll=false]
  ContentRole[name=denyReaders,inherit=false,allowForAll=false]
  ContentRole[name=denyAuthors,inherit=false,allowForAll=false]
  ContentRole[name=denyAdministrators,inherit=false,allowForAll=false]
  securityVector=15:SEC_PUBLIC=true,SEC_CREATOR_ADMIN=false,SEC_INH_ADMIN=true,SEC_INH_EDITOR=true,SEC_INH_VIEWER=true,SEC_ALL_ADMIN=false,SEC_ALL_EDITOR=false,SEC_ALL_VIEWER=false
]
2019-09-05 14:00:30.618 DEBUG content 9042 _a-0000e325-2aec-8000-9ba2-011c48011c48_55271 Processing reference: ContentRole[name=readers,inherit=true,allowForAll=false]
2019-09-05 14:00:30.618 DEBUG content 9042 _a-0000e325-2aec-8000-9ba2-011c48011c48_55271 Processing reference: ContentRole[name=authors,inherit=true,allowForAll=false]
2019-09-05 14:00:30.618 DEBUG content 9042 _a-0000e325-2aec-8000-9ba2-011c48011c48_55271 Processing reference: ContentRole[name=administrators,inherit=true,allowForAll=false]
2019-09-05 14:00:30.618 DEBUG content 9042 _a-0000e325-2aec-8000-9ba2-011c48011c48_55271 Processing reference: ContentRole[name=denyReaders,inherit=false,allowForAll=false]
2019-09-05 14:00:30.618 DEBUG content 9042 _a-0000e325-2aec-8000-9ba2-011c48011c48_55271 Processing reference: ContentRole[name=denyAuthors,inherit=false,allowForAll=false]
2019-09-05 14:00:30.618 DEBUG content 9042 _a-0000e325-2aec-8000-9ba2-011c48011c48_55271 Processing reference: ContentRole[name=denyAdministrators,inherit=false,allowForAll=false]
2019-09-05 14:00:30.619 DEBUG content 9042 _a-0000e325-2aec-8000-9ba2-011c48011c48_55271 Completing produce.
2019-09-05 14:00:30.619 DEBUG content 9042 _a-0000e325-2aec-8000-9ba2-011c48011c48_55271 Exporting binary resources.
2019-09-05 14:00:30.619 DEBUG content 9042 _a-0000e325-2aec-8000-9ba2-011c48011c48_55271 Serializing object to XML.
2019-09-05 14:00:30.638 DEBUG content 9042 _a-0000e325-2aec-8000-9ba2-011c48011c48_55271 Object transported.
2019-09-05 14:00:30.638 DEBUG content 9041 _a-0000e325-2aec-8000-9ba2-011c48011c48_55313 Begin transport.
2019-09-05 14:00:30.638 DEBUG content 9041 _a-0000e325-2aec-8000-9ba2-011c48011c48_55313 Retrieving object data.
2019-09-05 14:00:30.662 DEBUG content 9041 _a-0000e325-2aec-8000-9ba2-011c48011c48_55313 Setting uuids of object references.
2019-09-05 14:00:30.662 DEBUG content 9041 _a-0000e325-2aec-8000-9ba2-011c48011c48_55313 Processing reference: [Content:id=9039,versionId=-1,name=JB_CustomPickerSuggest,type=32,subtype=1,uuid=_a-0000e325-2aec-8000-9ba2-011c48011c48_55313,parent=8781]
2019-09-05 14:00:30.663 DEBUG content 9041 _a-0000e325-2aec-8000-9ba2-011c48011c48_55313 Processing reference: FreeformRule.forum
2019-09-05 14:00:30.664 DEBUG content 9041 _a-0000e325-2aec-8000-9ba2-011c48011c48_55313 Processing reference: TypedVariable[name=suggest,it=3,v=]
2019-09-05 14:00:30.664 DEBUG content 9041 _a-0000e325-2aec-8000-9ba2-011c48011c48_55313 Processing reference: FreeformRule.parent
2019-09-05 14:00:30.67 DEBUG content 9041 _a-0000e325-2aec-8000-9ba2-011c48011c48_55313 Processing reference: com.appiancorp.suiteapi.content.ContentRoleMap@60a0c1d6[
  ContentRole[name=readers,inherit=true,allowForAll=false]
  ContentRole[name=authors,inherit=true,allowForAll=false]
  ContentRole[name=administrators,inherit=true,allowForAll=false]
  ContentRole[name=denyReaders,inherit=false,allowForAll=false]
  ContentRole[name=denyAuthors,inherit=false,allowForAll=false]
  ContentRole[name=denyAdministrators,inherit=false,allowForAll=false]
  securityVector=15:SEC_PUBLIC=true,SEC_CREATOR_ADMIN=false,SEC_INH_ADMIN=true,SEC_INH_EDITOR=true,SEC_INH_VIEWER=true,SEC_ALL_ADMIN=false,SEC_ALL_EDITOR=false,SEC_ALL_VIEWER=false
]
2019-09-05 14:00:30.67 DEBUG content 9041 _a-0000e325-2aec-8000-9ba2-011c48011c48_55313 Processing reference: ContentRole[name=readers,inherit=true,allowForAll=false]
2019-09-05 14:00:30.67 DEBUG content 9041 _a-0000e325-2aec-8000-9ba2-011c48011c48_55313 Processing reference: ContentRole[name=authors,inherit=true,allowForAll=false]
2019-09-05 14:00:30.67 DEBUG content 9041 _a-0000e325-2aec-8000-9ba2-011c48011c48_55313 Processing reference: ContentRole[name=administrators,inherit=true,allowForAll=false]
2019-09-05 14:00:30.67 DEBUG content 9041 _a-0000e325-2aec-8000-9ba2-011c48011c48_55313 Processing reference: ContentRole[name=denyReaders,inherit=false,allowForAll=false]
2019-09-05 14:00:30.67 DEBUG content 9041 _a-0000e325-2aec-8000-9ba2-011c48011c48_55313 Processing reference: ContentRole[name=denyAuthors,inherit=false,allowForAll=false]
2019-09-05 14:00:30.67 DEBUG content 9041 _a-0000e325-2aec-8000-9ba2-011c48011c48_55313 Processing reference: ContentRole[name=denyAdministrators,inherit=false,allowForAll=false]
2019-09-05 14:00:30.67 DEBUG content 9041 _a-0000e325-2aec-8000-9ba2-011c48011c48_55313 Completing produce.
2019-09-05 14:00:30.67 DEBUG content 9041 _a-0000e325-2aec-8000-9ba2-011c48011c48_55313 Exporting binary resources.
2019-09-05 14:00:30.67 DEBUG content 9041 _a-0000e325-2aec-8000-9ba2-011c48011c48_55313 Serializing object to XML.
2019-09-05 14:00:30.693 DEBUG content 9041 _a-0000e325-2aec-8000-9ba2-011c48011c48_55313 Object transported.
2019-09-05 14:00:30.693 DEBUG content 9464 _a-0000e329-87ea-8000-9ba2-011c48011c48_58306 Begin transport.
2019-09-05 14:00:30.693 DEBUG content 9464 _a-0000e329-87ea-8000-9ba2-011c48011c48_58306 Retrieving object data.
2019-09-05 14:00:30.727 DEBUG content 9464 _a-0000e329-87ea-8000-9ba2-011c48011c48_58306 Setting uuids of object references.
2019-09-05 14:00:30.728 DEBUG content 9464 _a-0000e329-87ea-8000-9ba2-011c48011c48_58306 Processing reference: [Content:id=9464,versionId=-1,name=JB_ButtonArrayLayoutInconsistency,type=32,subtype=6,uuid=_a-0000e329-87ea-8000-9ba2-011c48011c48_58306,parent=8781]
2019-09-05 14:00:30.728 DEBUG content 9464 _a-0000e329-87ea-8000-9ba2-011c48011c48_58306 Processing reference: Interface.forum
2019-09-05 14:00:30.728 DEBUG content 9464 _a-0000e329-87ea-8000-9ba2-011c48011c48_58306 Processing reference: Interface.parent
2019-09-05 14:00:30.739 DEBUG content 9464 _a-0000e329-87ea-8000-9ba2-011c48011c48_58306 Processing reference: com.appiancorp.suiteapi.content.ContentRoleMap@f16ef60[
  ContentRole[name=readers,inherit=true,allowForAll=false]
  ContentRole[name=authors,inherit=true,allowForAll=false]
  ContentRole[name=administrators,inherit=true,allowForAll=false]
  ContentRole[name=denyReaders,inherit=false,allowForAll=false]
  ContentRole[name=denyAuthors,inherit=false,allowForAll=false]
  ContentRole[name=denyAdministrators,inherit=false,allowForAll=false]
  securityVector=15:SEC_PUBLIC=true,SEC_CREATOR_ADMIN=false,SEC_INH_ADMIN=true,SEC_INH_EDITOR=true,SEC_INH_VIEWER=true,SEC_ALL_ADMIN=false,SEC_ALL_EDITOR=false,SEC_ALL_VIEWER=false
]
2019-09-05 14:00:30.739 DEBUG content 9464 _a-0000e329-87ea-8000-9ba2-011c48011c48_58306 Processing reference: ContentRole[name=readers,inherit=true,allowForAll=false]
2019-09-05 14:00:30.739 DEBUG content 9464 _a-0000e329-87ea-8000-9ba2-011c48011c48_58306 Processing reference: ContentRole[name=authors,inherit=true,allowForAll=false]
2019-09-05 14:00:30.739 DEBUG content 9464 _a-0000e329-87ea-8000-9ba2-011c48011c48_58306 Processing reference: ContentRole[name=administrators,inherit=true,allowForAll=false]
2019-09-05 14:00:30.739 DEBUG content 9464 _a-0000e329-87ea-8000-9ba2-011c48011c48_58306 Processing reference: ContentRole[name=denyReaders,inherit=false,allowForAll=false]
2019-09-05 14:00:30.74 DEBUG content 9464 _a-0000e329-87ea-8000-9ba2-011c48011c48_58306 Processing reference: ContentRole[name=denyAuthors,inherit=false,allowForAll=false]
2019-09-05 14:00:30.74 DEBUG content 9464 _a-0000e329-87ea-8000-9ba2-011c48011c48_58306 Processing reference: ContentRole[name=denyAdministrators,inherit=false,allowForAll=false]
2019-09-05 14:00:30.74 DEBUG content 9464 _a-0000e329-87ea-8000-9ba2-011c48011c48_58306 Completing produce.
2019-09-05 14:00:30.74 DEBUG content 9464 _a-0000e329-87ea-8000-9ba2-011c48011c48_58306 Exporting binary resources.
2019-09-05 14:00:30.74 DEBUG content 9464 _a-0000e329-87ea-8000-9ba2-011c48011c48_58306 Serializing object to XML.
2019-09-05 14:00:30.774 DEBUG content 9464 _a-0000e329-87ea-8000-9ba2-011c48011c48_58306 Object transported.
2019-09-05 14:00:30.774 DEBUG content 9473 _a-0000e329-87ea-8000-9ba2-011c48011c48_58353 Begin transport.
2019-09-05 14:00:30.774 DEBUG content 9473 _a-0000e329-87ea-8000-9ba2-011c48011c48_58353 Retrieving object data.
2019-09-05 14:00:30.809 DEBUG content 9473 _a-0000e329-87ea-8000-9ba2-011c48011c48_58353 Setting uuids of object references.
2019-09-05 14:00:30.809 DEBUG content 9473 _a-0000e329-87ea-8000-9ba2-011c48011c48_58353 Processing reference: [Content:id=9472,versionId=-1,name=JB_InterfaceWithCDTRuleInput,type=32,subtype=6,uuid=_a-0000e329-87ea-8000-9ba2-011c48011c48_58353,parent=8781]
2019-09-05 14:00:30.81 DEBUG content 9473 _a-0000e329-87ea-8000-9ba2-011c48011c48_58353 Processing reference: Interface.forum
2019-09-05 14:00:30.811 DEBUG content 9473 _a-0000e329-87ea-8000-9ba2-011c48011c48_58353 Processing reference: TypedVariable[name=input,it=3665,v=<null>]
2019-09-05 14:00:30.811 DEBUG content 9473 _a-0000e329-87ea-8000-9ba2-011c48011c48_58353 Processing reference: Interface.parent
2019-09-05 14:00:30.822 DEBUG content 9473 _a-0000e329-87ea-8000-9ba2-011c48011c48_58353 Processing reference: com.appiancorp.suiteapi.content.ContentRoleMap@7e9b5f62[
  ContentRole[name=readers,inherit=true,allowForAll=false]
  ContentRole[name=authors,inherit=true,allowForAll=false]
  ContentRole[name=administrators,inherit=true,allowForAll=false]
  ContentRole[name=denyReaders,inherit=false,allowForAll=false]
  ContentRole[name=denyAuthors,inherit=false,allowForAll=false]
  ContentRole[name=denyAdministrators,inherit=false,allowForAll=false]
  securityVector=15:SEC_PUBLIC=true,SEC_CREATOR_ADMIN=false,SEC_INH_ADMIN=true,SEC_INH_EDITOR=true,SEC_INH_VIEWER=true,SEC_ALL_ADMIN=false,SEC_ALL_EDITOR=false,SEC_ALL_VIEWER=false
]
2019-09-05 14:00:30.822 DEBUG content 9473 _a-0000e329-87ea-8000-9ba2-011c48011c48_58353 Processing reference: ContentRole[name=readers,inherit=true,allowForAll=false]
2019-09-05 14:00:30.823 DEBUG content 9473 _a-0000e329-87ea-8000-9ba2-011c48011c48_58353 Processing reference: ContentRole[name=authors,inherit=true,allowForAll=false]
2019-09-05 14:00:30.823 DEBUG content 9473 _a-0000e329-87ea-8000-9ba2-011c48011c48_58353 Processing reference: ContentRole[name=administrators,inherit=true,allowForAll=false]
2019-09-05 14:00:30.823 DEBUG content 9473 _a-0000e329-87ea-8000-9ba2-011c48011c48_58353 Processing reference: ContentRole[name=denyReaders,inherit=false,allowForAll=false]
2019-09-05 14:00:30.823 DEBUG content 9473 _a-0000e329-87ea-8000-9ba2-011c48011c48_58353 Processing reference: ContentRole[name=denyAuthors,inherit=false,allowForAll=false]
2019-09-05 14:00:30.823 DEBUG content 9473 _a-0000e329-87ea-8000-9ba2-011c48011c48_58353 Processing reference: ContentRole[name=denyAdministrators,inherit=false,allowForAll=false]
2019-09-05 14:00:30.823 DEBUG content 9473 _a-0000e329-87ea-8000-9ba2-011c48011c48_58353 Completing produce.
2019-09-05 14:00:30.823 DEBUG content 9473 _a-0000e329-87ea-8000-9ba2-011c48011c48_58353 Exporting binary resources.
2019-09-05 14:00:30.823 DEBUG content 9473 _a-0000e329-87ea-8000-9ba2-011c48011c48_58353 Serializing object to XML.
2019-09-05 14:00:30.847 DEBUG content 9473 _a-0000e329-87ea-8000-9ba2-011c48011c48_58353 Object transported.
2019-09-05 14:00:30.847 DEBUG content 8847 _a-0000e321-2077-8000-9ba2-011c48011c48_53959 Begin transport.
2019-09-05 14:00:30.847 DEBUG content 8847 _a-0000e321-2077-8000-9ba2-011c48011c48_53959 Retrieving object data.
2019-09-05 14:00:30.877 DEBUG content 8847 _a-0000e321-2077-8000-9ba2-011c48011c48_53959 Setting uuids of object references.
2019-09-05 14:00:30.877 DEBUG content 8847 _a-0000e321-2077-8000-9ba2-011c48011c48_53959 Processing reference: Document.forum
2019-09-05 14:00:30.878 DEBUG content 8847 _a-0000e321-2077-8000-9ba2-011c48011c48_53959 Processing reference: Document.parent
2019-09-05 14:00:30.886 DEBUG content 8847 _a-0000e321-2077-8000-9ba2-011c48011c48_53959 Processing reference: com.appiancorp.suiteapi.content.ContentRoleMap@5401f732[
  ContentRole[name=readers,inherit=true,allowForAll=false]
  ContentRole[name=authors,inherit=true,allowForAll=false]
  ContentRole[name=administrators,inherit=true,allowForAll=false]
  ContentRole[name=denyReaders,inherit=false,allowForAll=false]
  ContentRole[name=denyAuthors,inherit=false,allowForAll=false]
  ContentRole[name=denyAdministrators,inherit=false,allowForAll=false]
  securityVector=15:SEC_PUBLIC=true,SEC_CREATOR_ADMIN=false,SEC_INH_ADMIN=true,SEC_INH_EDITOR=true,SEC_INH_VIEWER=true,SEC_ALL_ADMIN=false,SEC_ALL_EDITOR=false,SEC_ALL_VIEWER=false
]
2019-09-05 14:00:30.886 DEBUG content 8847 _a-0000e321-2077-8000-9ba2-011c48011c48_53959 Processing reference: ContentRole[name=readers,inherit=true,allowForAll=false]
2019-09-05 14:00:30.886 DEBUG content 8847 _a-0000e321-2077-8000-9ba2-011c48011c48_53959 Processing reference: ContentRole[name=authors,inherit=true,allowForAll=false]
2019-09-05 14:00:30.886 DEBUG content 8847 _a-0000e321-2077-8000-9ba2-011c48011c48_53959 Processing reference: ContentRole[name=administrators,inherit=true,allowForAll=false]
2019-09-05 14:00:30.886 DEBUG content 8847 _a-0000e321-2077-8000-9ba2-011c48011c48_53959 Processing reference: ContentRole[name=denyReaders,inherit=false,allowForAll=false]
2019-09-05 14:00:30.886 DEBUG content 8847 _a-0000e321-2077-8000-9ba2-011c48011c48_53959 Processing reference: ContentRole[name=denyAuthors,inherit=false,allowForAll=false]
2019-09-05 14:00:30.887 DEBUG content 8847 _a-0000e321-2077-8000-9ba2-011c48011c48_53959 Processing reference: ContentRole[name=denyAdministrators,inherit=false,allowForAll=false]
2019-09-05 14:00:30.887 DEBUG content 8847 _a-0000e321-2077-8000-9ba2-011c48011c48_53959 Completing produce.
2019-09-05 14:00:30.887 DEBUG content 8847 _a-0000e321-2077-8000-9ba2-011c48011c48_53959 Exporting binary resources.
2019-09-05 14:00:30.956 DEBUG content 8847 _a-0000e321-2077-8000-9ba2-011c48011c48_53959 Serializing object to XML.
2019-09-05 14:00:30.965 DEBUG content 8847 _a-0000e321-2077-8000-9ba2-011c48011c48_53959 Object transported.
2019-09-05 14:00:30.972 DEBUG tempoReport 52 12b61808-e061-46a7-8de1-6dc32ad45a51 Begin transport.
2019-09-05 14:00:30.972 DEBUG tempoReport 52 12b61808-e061-46a7-8de1-6dc32ad45a51 Retrieving object data.
2019-09-05 14:00:30.995 DEBUG tempoReport 52 12b61808-e061-46a7-8de1-6dc32ad45a51 Setting uuids of object references.
2019-09-05 14:00:31.0 DEBUG tempoReport 52 12b61808-e061-46a7-8de1-6dc32ad45a51 Processing reference: UiContainer.uiExpr
2019-09-05 14:00:31.01 DEBUG tempoReport 52 12b61808-e061-46a7-8de1-6dc32ad45a51 Completing produce.
2019-09-05 14:00:31.01 DEBUG tempoReport 52 12b61808-e061-46a7-8de1-6dc32ad45a51 Exporting binary resources.
2019-09-05 14:00:31.01 DEBUG tempoReport 52 12b61808-e061-46a7-8de1-6dc32ad45a51 Serializing object to XML.
2019-09-05 14:00:31.031 DEBUG tempoReport 52 12b61808-e061-46a7-8de1-6dc32ad45a51 Object transported.
2019-09-05 14:00:31.036 DEBUG connectedSystem 8842 _a-0000e321-2077-8000-9ba2-011c48011c48_53896 Begin transport.
2019-09-05 14:00:31.036 DEBUG connectedSystem 8842 _a-0000e321-2077-8000-9ba2-011c48011c48_53896 Retrieving object data.
2019-09-05 14:00:31.045 DEBUG connectedSystem 8842 _a-0000e321-2077-8000-9ba2-011c48011c48_53896 Setting uuids of object references.
2019-09-05 14:00:31.045 DEBUG connectedSystem 8842 _a-0000e321-2077-8000-9ba2-011c48011c48_53896 Processing reference: ConnectedSystem.forum
2019-09-05 14:00:31.046 DEBUG connectedSystem 8842 _a-0000e321-2077-8000-9ba2-011c48011c48_53896 Processing reference: ConnectedSystem.logoId
2019-09-05 14:00:31.047 DEBUG connectedSystem 8842 _a-0000e321-2077-8000-9ba2-011c48011c48_53896 Processing reference: ConnectedSystem.parent
2019-09-05 14:00:31.056 DEBUG connectedSystem 8842 _a-0000e321-2077-8000-9ba2-011c48011c48_53896 Processing reference: ConnectedSystem.sharedConfigParameters
2019-09-05 14:00:31.062 DEBUG connectedSystem 8842 _a-0000e321-2077-8000-9ba2-011c48011c48_53896 Processing reference: com.appiancorp.suiteapi.content.ContentRoleMap@3bca79f7[
  ContentRole[name=readers,inherit=false,allowForAll=false]
  ContentRole[name=authors,inherit=false,allowForAll=false]
  ContentRole[name=administrators,inherit=false,allowForAll=false]
  ContentRole[name=denyReaders,inherit=false,allowForAll=false]
  ContentRole[name=denyAuthors,inherit=false,allowForAll=false]
  ContentRole[name=denyAdministrators,inherit=false,allowForAll=false]
  securityVector=1:SEC_PUBLIC=true,SEC_CREATOR_ADMIN=false,SEC_INH_ADMIN=false,SEC_INH_EDITOR=false,SEC_INH_VIEWER=false,SEC_ALL_ADMIN=false,SEC_ALL_EDITOR=false,SEC_ALL_VIEWER=false
]
2019-09-05 14:00:31.062 DEBUG connectedSystem 8842 _a-0000e321-2077-8000-9ba2-011c48011c48_53896 Processing reference: ContentRole[name=readers,inherit=false,allowForAll=false]
2019-09-05 14:00:31.062 DEBUG connectedSystem 8842 _a-0000e321-2077-8000-9ba2-011c48011c48_53896 Processing reference: ContentRole[name=authors,inherit=false,allowForAll=false]
2019-09-05 14:00:31.062 DEBUG connectedSystem 8842 _a-0000e321-2077-8000-9ba2-011c48011c48_53896 Processing reference: ContentRole[name=administrators,inherit=false,allowForAll=false]
2019-09-05 14:00:31.062 DEBUG connectedSystem 8842 _a-0000e321-2077-8000-9ba2-011c48011c48_53896 Processing reference: ContentRole[name=denyReaders,inherit=false,allowForAll=false]
2019-09-05 14:00:31.062 DEBUG connectedSystem 8842 _a-0000e321-2077-8000-9ba2-011c48011c48_53896 Processing reference: ContentRole[name=denyAuthors,inherit=false,allowForAll=false]
2019-09-05 14:00:31.062 DEBUG connectedSystem 8842 _a-0000e321-2077-8000-9ba2-011c48011c48_53896 Processing reference: ContentRole[name=denyAdministrators,inherit=false,allowForAll=false]
2019-09-05 14:00:31.069 DEBUG connectedSystem 8842 _a-0000e321-2077-8000-9ba2-011c48011c48_53896 Registering export properties.
2019-09-05 14:00:31.069 DEBUG connectedSystem 8842 _a-0000e321-2077-8000-9ba2-011c48011c48_53896 Completing produce.
2019-09-05 14:00:31.069 DEBUG connectedSystem 8842 _a-0000e321-2077-8000-9ba2-011c48011c48_53896 Exporting binary resources.
2019-09-05 14:00:31.069 DEBUG connectedSystem 8842 _a-0000e321-2077-8000-9ba2-011c48011c48_53896 Serializing object to XML.
2019-09-05 14:00:31.134 DEBUG connectedSystem 8842 _a-0000e321-2077-8000-9ba2-011c48011c48_53896 Object transported.
2019-09-05 14:00:31.134 DEBUG application 8780 _a-0000e320-df0d-8000-9ba2-011c48011c48_53388 Completing produce.
2019-09-05 14:00:31.134 DEBUG application 8780 _a-0000e320-df0d-8000-9ba2-011c48011c48_53388 Exporting binary resources.
2019-09-05 14:00:31.134 DEBUG application 8780 _a-0000e320-df0d-8000-9ba2-011c48011c48_53388 Serializing object to XML.
2019-09-05 14:00:31.162 DEBUG application 8780 _a-0000e320-df0d-8000-9ba2-011c48011c48_53388 Object transported.
