Success (1):
application 5775 _a-0000e335-a3be-8000-9ecc-1bef901bef90_34885 "Empty App"

Trace:
2019-09-11 23:00:13.324 DEBUG application 5775 _a-0000e335-a3be-8000-9ecc-1bef901bef90_34885 Begin transport.
2019-09-11 23:00:13.324 DEBUG application 5775 _a-0000e335-a3be-8000-9ecc-1bef901bef90_34885 Retrieving object data.
2019-09-11 23:00:13.337 DEBUG application 5775 _a-0000e335-a3be-8000-9ecc-1bef901bef90_34885 App associated objects: []
2019-09-11 23:00:13.337 DEBUG application 5775 _a-0000e335-a3be-8000-9ecc-1bef901bef90_34885 Invalid associated objects: []
2019-09-11 23:00:13.337 DEBUG application 5775 _a-0000e335-a3be-8000-9ecc-1bef901bef90_34885 Adding valid associated objects to be exported: GlobalBindingMap[]
2019-09-11 23:00:13.337 DEBUG application 5775 _a-0000e335-a3be-8000-9ecc-1bef901bef90_34885 Setting uuids of object references.
2019-09-11 23:00:13.337 DEBUG application 5775 _a-0000e335-a3be-8000-9ecc-1bef901bef90_34885 Processing reference: Application.forum
2019-09-11 23:00:13.338 DEBUG application 5775 _a-0000e335-a3be-8000-9ecc-1bef901bef90_34885 Processing reference: Application.parent
2019-09-11 23:00:13.344 DEBUG application 5775 _a-0000e335-a3be-8000-9ecc-1bef901bef90_34885 Processing reference: com.appiancorp.suiteapi.content.ContentRoleMap@6e7f43d9[
  ContentRole[name=readers,inherit=false,allowForAll=false]
  ContentRole[name=authors,inherit=false,allowForAll=false]
  ContentRole[name=administrators,inherit=false,allowForAll=false]
  ContentRole[name=denyReaders,inherit=false,allowForAll=false]
  ContentRole[name=denyAuthors,inherit=false,allowForAll=false]
  ContentRole[name=denyAdministrators,inherit=false,allowForAll=false]
  securityVector=1:SEC_PUBLIC=true,SEC_CREATOR_ADMIN=false,SEC_INH_ADMIN=false,SEC_INH_EDITOR=false,SEC_INH_VIEWER=false,SEC_ALL_ADMIN=false,SEC_ALL_EDITOR=false,SEC_ALL_VIEWER=false
]
2019-09-11 23:00:13.344 DEBUG application 5775 _a-0000e335-a3be-8000-9ecc-1bef901bef90_34885 Processing reference: ContentRole[name=readers,inherit=false,allowForAll=false]
2019-09-11 23:00:13.344 DEBUG application 5775 _a-0000e335-a3be-8000-9ecc-1bef901bef90_34885 Processing reference: ContentRole[name=authors,inherit=false,allowForAll=false]
2019-09-11 23:00:13.344 DEBUG application 5775 _a-0000e335-a3be-8000-9ecc-1bef901bef90_34885 Processing reference: ContentRole[name=administrators,inherit=false,allowForAll=false]
2019-09-11 23:00:13.345 DEBUG application 5775 _a-0000e335-a3be-8000-9ecc-1bef901bef90_34885 Processing reference: ContentRole[name=denyReaders,inherit=false,allowForAll=false]
2019-09-11 23:00:13.345 DEBUG application 5775 _a-0000e335-a3be-8000-9ecc-1bef901bef90_34885 Processing reference: ContentRole[name=denyAuthors,inherit=false,allowForAll=false]
2019-09-11 23:00:13.345 DEBUG application 5775 _a-0000e335-a3be-8000-9ecc-1bef901bef90_34885 Processing reference: ContentRole[name=denyAdministrators,inherit=false,allowForAll=false]
2019-09-11 23:00:13.345 DEBUG application 5775 _a-0000e335-a3be-8000-9ecc-1bef901bef90_34885 Completing produce.
2019-09-11 23:00:13.345 DEBUG application 5775 _a-0000e335-a3be-8000-9ecc-1bef901bef90_34885 Exporting binary resources.
2019-09-11 23:00:13.345 DEBUG application 5775 _a-0000e335-a3be-8000-9ecc-1bef901bef90_34885 Serializing object to XML.
2019-09-11 23:00:13.356 DEBUG application 5775 _a-0000e335-a3be-8000-9ecc-1bef901bef90_34885 Object transported.
