Success (2):
datatype 3243 {urn:com:appian:types}CDT1 "{urn:com:appian:types}CDT1"
application 5392 _a-0000e409-f0d7-8000-ebd5-90ef9090ef90_32538 "bTest"

Trace:
2020-02-19 19:02:38.869 DEBUG application 5392 _a-0000e409-f0d7-8000-ebd5-90ef9090ef90_32538 Begin transport.
2020-02-19 19:02:38.869 DEBUG application 5392 _a-0000e409-f0d7-8000-ebd5-90ef9090ef90_32538 Retrieving object data.
2020-02-19 19:02:38.897 DEBUG application 5392 _a-0000e409-f0d7-8000-ebd5-90ef9090ef90_32538 App associated objects: [datatype=[{urn:com:appian:types}CDT1]]
2020-02-19 19:02:38.898 DEBUG application 5392 _a-0000e409-f0d7-8000-ebd5-90ef9090ef90_32538 Invalid associated objects: []
2020-02-19 19:02:38.898 DEBUG application 5392 _a-0000e409-f0d7-8000-ebd5-90ef9090ef90_32538 Adding valid associated objects to be exported: GlobalBindingMap[datatype={{urn:com:appian:types}CDT1=3243}]
2020-02-19 19:02:38.899 DEBUG application 5392 _a-0000e409-f0d7-8000-ebd5-90ef9090ef90_32538 Setting uuids of object references.
2020-02-19 19:02:38.899 DEBUG application 5392 _a-0000e409-f0d7-8000-ebd5-90ef9090ef90_32538 Processing reference: Application.forum
2020-02-19 19:02:38.9 DEBUG application 5392 _a-0000e409-f0d7-8000-ebd5-90ef9090ef90_32538 Processing reference: Application.parent
2020-02-19 19:02:38.906 DEBUG application 5392 _a-0000e409-f0d7-8000-ebd5-90ef9090ef90_32538 Processing reference: com.appiancorp.suiteapi.content.ContentRoleMap@23aed7fc[
  ContentRole[name=readers,inherit=false,allowForAll=false]
  ContentRole[name=authors,inherit=false,allowForAll=false]
  ContentRole[name=administrators,inherit=false,allowForAll=false]
  ContentRole[name=denyReaders,inherit=false,allowForAll=false]
  ContentRole[name=denyAuthors,inherit=false,allowForAll=false]
  ContentRole[name=denyAdministrators,inherit=false,allowForAll=false]
  securityVector=1:SEC_PUBLIC=true,SEC_CREATOR_ADMIN=false,SEC_INH_ADMIN=false,SEC_INH_EDITOR=false,SEC_INH_VIEWER=false,SEC_ALL_ADMIN=false,SEC_ALL_EDITOR=false,SEC_ALL_VIEWER=false
]
2020-02-19 19:02:38.906 DEBUG application 5392 _a-0000e409-f0d7-8000-ebd5-90ef9090ef90_32538 Processing reference: ContentRole[name=readers,inherit=false,allowForAll=false]
2020-02-19 19:02:38.906 DEBUG application 5392 _a-0000e409-f0d7-8000-ebd5-90ef9090ef90_32538 Processing reference: ContentRole[name=authors,inherit=false,allowForAll=false]
2020-02-19 19:02:38.906 DEBUG application 5392 _a-0000e409-f0d7-8000-ebd5-90ef9090ef90_32538 Processing reference: ContentRole[name=administrators,inherit=false,allowForAll=false]
2020-02-19 19:02:38.907 DEBUG application 5392 _a-0000e409-f0d7-8000-ebd5-90ef9090ef90_32538 Processing reference: ContentRole[name=denyReaders,inherit=false,allowForAll=false]
2020-02-19 19:02:38.907 DEBUG application 5392 _a-0000e409-f0d7-8000-ebd5-90ef9090ef90_32538 Processing reference: ContentRole[name=denyAuthors,inherit=false,allowForAll=false]
2020-02-19 19:02:38.907 DEBUG application 5392 _a-0000e409-f0d7-8000-ebd5-90ef9090ef90_32538 Processing reference: ContentRole[name=denyAdministrators,inherit=false,allowForAll=false]
2020-02-19 19:02:38.907 DEBUG datatype 3243 {urn:com:appian:types}CDT1 Begin transport.
2020-02-19 19:02:38.907 DEBUG datatype 3243 {urn:com:appian:types}CDT1 Retrieving object data.
2020-02-19 19:02:39.006 DEBUG datatype 3243 {urn:com:appian:types}CDT1 Setting uuids of object references.
2020-02-19 19:02:39.007 DEBUG datatype 3243 {urn:com:appian:types}CDT1 Completing produce.
2020-02-19 19:02:39.007 DEBUG datatype 3243 {urn:com:appian:types}CDT1 Exporting binary resources.
2020-02-19 19:02:39.007 DEBUG datatype 3243 {urn:com:appian:types}CDT1 Serializing object to XML.
2020-02-19 19:02:39.014 DEBUG datatype 3243 {urn:com:appian:types}CDT1 Object transported.
2020-02-19 19:02:39.015 DEBUG application 5392 _a-0000e409-f0d7-8000-ebd5-90ef9090ef90_32538 Completing produce.
2020-02-19 19:02:39.015 DEBUG application 5392 _a-0000e409-f0d7-8000-ebd5-90ef9090ef90_32538 Exporting binary resources.
2020-02-19 19:02:39.015 DEBUG application 5392 _a-0000e409-f0d7-8000-ebd5-90ef9090ef90_32538 Serializing object to XML.
2020-02-19 19:02:39.037 DEBUG application 5392 _a-0000e409-f0d7-8000-ebd5-90ef9090ef90_32538 Object transported.
