Success (1):
application 6169 _a-0000e3f8-cddd-8000-c8df-6bef906bef90_37841 "10test2"

Trace:
2020-02-06 17:02:25.974 DEBUG application 6169 _a-0000e3f8-cddd-8000-c8df-6bef906bef90_37841 Begin transport.
2020-02-06 17:02:25.974 DEBUG application 6169 _a-0000e3f8-cddd-8000-c8df-6bef906bef90_37841 Retrieving object data.
2020-02-06 17:02:25.983 DEBUG application 6169 _a-0000e3f8-cddd-8000-c8df-6bef906bef90_37841 App associated objects: []
2020-02-06 17:02:25.983 DEBUG application 6169 _a-0000e3f8-cddd-8000-c8df-6bef906bef90_37841 Invalid associated objects: []
2020-02-06 17:02:25.983 DEBUG application 6169 _a-0000e3f8-cddd-8000-c8df-6bef906bef90_37841 Adding valid associated objects to be exported: GlobalBindingMap[]
2020-02-06 17:02:25.983 DEBUG application 6169 _a-0000e3f8-cddd-8000-c8df-6bef906bef90_37841 Setting uuids of object references.
2020-02-06 17:02:25.984 DEBUG application 6169 _a-0000e3f8-cddd-8000-c8df-6bef906bef90_37841 Processing reference: Application.forum
2020-02-06 17:02:25.984 DEBUG application 6169 _a-0000e3f8-cddd-8000-c8df-6bef906bef90_37841 Processing reference: Application.parent
2020-02-06 17:02:25.989 DEBUG application 6169 _a-0000e3f8-cddd-8000-c8df-6bef906bef90_37841 Processing reference: com.appiancorp.suiteapi.content.ContentRoleMap@4c832847[
  ContentRole[name=readers,inherit=false,allowForAll=false]
  ContentRole[name=authors,inherit=false,allowForAll=false]
  ContentRole[name=administrators,inherit=false,allowForAll=false]
  ContentRole[name=denyReaders,inherit=false,allowForAll=false]
  ContentRole[name=denyAuthors,inherit=false,allowForAll=false]
  ContentRole[name=denyAdministrators,inherit=false,allowForAll=false]
  securityVector=1:SEC_PUBLIC=true,SEC_CREATOR_ADMIN=false,SEC_INH_ADMIN=false,SEC_INH_EDITOR=false,SEC_INH_VIEWER=false,SEC_ALL_ADMIN=false,SEC_ALL_EDITOR=false,SEC_ALL_VIEWER=false
]
2020-02-06 17:02:25.989 DEBUG application 6169 _a-0000e3f8-cddd-8000-c8df-6bef906bef90_37841 Processing reference: ContentRole[name=readers,inherit=false,allowForAll=false]
2020-02-06 17:02:25.989 DEBUG application 6169 _a-0000e3f8-cddd-8000-c8df-6bef906bef90_37841 Processing reference: ContentRole[name=authors,inherit=false,allowForAll=false]
2020-02-06 17:02:25.989 DEBUG application 6169 _a-0000e3f8-cddd-8000-c8df-6bef906bef90_37841 Processing reference: ContentRole[name=administrators,inherit=false,allowForAll=false]
2020-02-06 17:02:25.989 DEBUG application 6169 _a-0000e3f8-cddd-8000-c8df-6bef906bef90_37841 Processing reference: ContentRole[name=denyReaders,inherit=false,allowForAll=false]
2020-02-06 17:02:25.989 DEBUG application 6169 _a-0000e3f8-cddd-8000-c8df-6bef906bef90_37841 Processing reference: ContentRole[name=denyAuthors,inherit=false,allowForAll=false]
2020-02-06 17:02:25.989 DEBUG application 6169 _a-0000e3f8-cddd-8000-c8df-6bef906bef90_37841 Processing reference: ContentRole[name=denyAdministrators,inherit=false,allowForAll=false]
2020-02-06 17:02:25.989 DEBUG application 6169 _a-0000e3f8-cddd-8000-c8df-6bef906bef90_37841 Completing produce.
2020-02-06 17:02:25.989 DEBUG application 6169 _a-0000e3f8-cddd-8000-c8df-6bef906bef90_37841 Exporting binary resources.
2020-02-06 17:02:25.989 DEBUG application 6169 _a-0000e3f8-cddd-8000-c8df-6bef906bef90_37841 Serializing object to XML.
2020-02-06 17:02:25.995 DEBUG application 6169 _a-0000e3f8-cddd-8000-c8df-6bef906bef90_37841 Object transported.
